{"meta": {"format": 3, "version": "7.13.5", "timestamp": "2026-05-09T18:34:23.824467", "branch_coverage": false, "show_contexts": false}, "files": {"src\\soar_lab\\__init__.py": {"executed_lines": [], "summary": {"covered_lines": 0, "num_statements": 0, "percent_covered": 100.0, "percent_covered_display": "100", "missing_lines": 0, "excluded_lines": 0, "percent_statements_covered": 100.0, "percent_statements_covered_display": "100"}, "missing_lines": [], "excluded_lines": [], "functions": {"": {"executed_lines": [], "summary": {"covered_lines": 0, "num_statements": 0, "percent_covered": 100.0, "percent_covered_display": "100", "missing_lines": 0, "excluded_lines": 0, "percent_statements_covered": 100.0, "percent_statements_covered_display": "100"}, "missing_lines": [], "excluded_lines": [], "start_line": 1}}, "classes": {"": {"executed_lines": [], "summary": {"covered_lines": 0, "num_statements": 0, "percent_covered": 100.0, "percent_covered_display": "100", "missing_lines": 0, "excluded_lines": 0, "percent_statements_covered": 100.0, "percent_statements_covered_display": "100"}, "missing_lines": [], "excluded_lines": [], "start_line": 1}}}, "src\\soar_lab\\analytics\\__init__.py": {"executed_lines": [], "summary": {"covered_lines": 0, "num_statements": 0, "percent_covered": 100.0, "percent_covered_display": "100", "missing_lines": 0, "excluded_lines": 0, "percent_statements_covered": 100.0, "percent_statements_covered_display": "100"}, "missing_lines": [], "excluded_lines": [], "functions": {"": {"executed_lines": [], "summary": {"covered_lines": 0, "num_statements": 0, "percent_covered": 100.0, "percent_covered_display": "100", "missing_lines": 0, "excluded_lines": 0, "percent_statements_covered": 100.0, "percent_statements_covered_display": "100"}, "missing_lines": [], "excluded_lines": [], "start_line": 1}}, "classes": {"": {"executed_lines": [], "summary": {"covered_lines": 0, "num_statements": 0, "percent_covered": 100.0, "percent_covered_display": "100", "missing_lines": 0, "excluded_lines": 0, "percent_statements_covered": 100.0, "percent_statements_covered_display": "100"}, "missing_lines": [], "excluded_lines": [], "start_line": 1}}}, "src\\soar_lab\\analytics\\tfm_data_enhancer.py": {"executed_lines": [], "summary": {"covered_lines": 0, "num_statements": 250, "percent_covered": 0.0, "percent_covered_display": "0", "missing_lines": 250, "excluded_lines": 0, "percent_statements_covered": 0.0, "percent_statements_covered_display": "0"}, "missing_lines": [7, 8, 9, 10, 11, 12, 13, 14, 17, 19, 20, 21, 24, 28, 31, 34, 35, 36, 37, 40, 41, 43, 45, 47, 48, 49, 51, 52, 54, 56, 58, 60, 61, 67, 68, 70, 71, 72, 74, 76, 81, 83, 86, 91, 95, 97, 102, 104, 105, 107, 109, 110, 111, 112, 113, 115, 116, 117, 119, 128, 130, 132, 133, 135, 144, 146, 153, 154, 155, 159, 160, 161, 166, 168, 170, 176, 183, 184, 185, 187, 188, 190, 192, 194, 196, 204, 205, 207, 209, 210, 212, 213, 216, 217, 219, 227, 229, 230, 231, 233, 234, 237, 239, 240, 241, 242, 249, 250, 252, 254, 256, 259, 261, 262, 264, 265, 266, 268, 269, 272, 273, 275, 276, 277, 278, 279, 280, 281, 283, 290, 291, 292, 298, 300, 302, 315, 318, 319, 321, 322, 324, 326, 328, 330, 337, 344, 345, 346, 353, 359, 360, 361, 362, 363, 364, 365, 367, 371, 372, 378, 380, 382, 385, 386, 387, 389, 392, 393, 394, 397, 398, 399, 402, 403, 404, 406, 408, 410, 412, 414, 416, 419, 422, 423, 424, 426, 428, 436, 438, 440, 441, 442, 448, 450, 462, 464, 466, 468, 477, 479, 488, 491, 493, 495, 499, 501, 503, 505, 507, 510, 512, 514, 515, 516, 517, 518, 519, 521, 522, 523, 524, 525, 526, 528, 529, 530, 531, 533, 534, 535, 536, 537, 538, 539, 541, 543, 544, 545, 546, 547, 548, 549, 551, 552, 553, 554, 557, 558, 561, 562], "excluded_lines": [], "functions": {"TFMDataEnhancer.__init__": {"executed_lines": [], "summary": {"covered_lines": 0, "num_statements": 6, "percent_covered": 0.0, "percent_covered_display": "0", "missing_lines": 6, "excluded_lines": 0, "percent_statements_covered": 0.0, "percent_statements_covered_display": "0"}, "missing_lines": [35, 36, 37, 40, 41, 43], "excluded_lines": [], "start_line": 34}, "TFMDataEnhancer._configure_alert_payload": {"executed_lines": [], "summary": {"covered_lines": 0, "num_statements": 5, "percent_covered": 0.0, "percent_covered_display": "0", "missing_lines": 5, "excluded_lines": 0, "percent_statements_covered": 0.0, "percent_statements_covered_display": "0"}, "missing_lines": [47, 48, 49, 51, 52], "excluded_lines": [], "start_line": 45}, "TFMDataEnhancer.generate_kpis_data": {"executed_lines": [], "summary": {"covered_lines": 0, "num_statements": 11, "percent_covered": 0.0, "percent_covered_display": "0", "missing_lines": 11, "excluded_lines": 0, "percent_statements_covered": 0.0, "percent_statements_covered_display": "0"}, "missing_lines": [56, 58, 60, 61, 67, 68, 70, 71, 72, 74, 76], "excluded_lines": [], "start_line": 54}, "TFMDataEnhancer.generate_alert_data": {"executed_lines": [], "summary": {"covered_lines": 0, "num_statements": 5, "percent_covered": 0.0, "percent_covered_display": "0", "missing_lines": 5, "excluded_lines": 0, "percent_statements_covered": 0.0, "percent_statements_covered_display": "0"}, "missing_lines": [83, 86, 91, 95, 97], "excluded_lines": [], "start_line": 81}, "TFMDataEnhancer.save_results": {"executed_lines": [], "summary": {"covered_lines": 0, "num_statements": 2, "percent_covered": 0.0, "percent_covered_display": "0", "missing_lines": 2, "excluded_lines": 0, "percent_statements_covered": 0.0, "percent_statements_covered_display": "0"}, "missing_lines": [104, 105], "excluded_lines": [], "start_line": 102}, "TFMDataEnhancer.get_test_statistics": {"executed_lines": [], "summary": {"covered_lines": 0, "num_statements": 9, "percent_covered": 0.0, "percent_covered_display": "0", "missing_lines": 9, "excluded_lines": 0, "percent_statements_covered": 0.0, "percent_statements_covered_display": "0"}, "missing_lines": [109, 110, 111, 112, 113, 115, 116, 117, 119], "excluded_lines": [], "start_line": 107}, "TFMDataEnhancer._run_single_scenario": {"executed_lines": [], "summary": {"covered_lines": 0, "num_statements": 12, "percent_covered": 0.0, "percent_covered_display": "0", "missing_lines": 12, "excluded_lines": 0, "percent_statements_covered": 0.0, "percent_statements_covered_display": "0"}, "missing_lines": [130, 132, 133, 135, 144, 146, 153, 154, 155, 159, 160, 161], "excluded_lines": [], "start_line": 128}, "TFMDataEnhancer.run_test_scenarios": {"executed_lines": [], "summary": {"covered_lines": 0, "num_statements": 9, "percent_covered": 0.0, "percent_covered_display": "0", "missing_lines": 9, "excluded_lines": 0, "percent_statements_covered": 0.0, "percent_statements_covered_display": "0"}, "missing_lines": [168, 170, 176, 183, 184, 185, 187, 188, 190], "excluded_lines": [], "start_line": 166}, "TFMDataEnhancer.send_test_alerts": {"executed_lines": [], "summary": {"covered_lines": 0, "num_statements": 26, "percent_covered": 0.0, "percent_covered_display": "0", "missing_lines": 26, "excluded_lines": 0, "percent_statements_covered": 0.0, "percent_statements_covered_display": "0"}, "missing_lines": [194, 196, 204, 205, 207, 209, 210, 212, 213, 216, 217, 219, 227, 229, 230, 231, 233, 234, 237, 239, 240, 241, 242, 249, 250, 252], "excluded_lines": [], "start_line": 192}, "TFMDataEnhancer.calculate_enhanced_kpis": {"executed_lines": [], "summary": {"covered_lines": 0, "num_statements": 22, "percent_covered": 0.0, "percent_covered_display": "0", "missing_lines": 22, "excluded_lines": 0, "percent_statements_covered": 0.0, "percent_statements_covered_display": "0"}, "missing_lines": [256, 259, 261, 262, 264, 265, 266, 268, 269, 272, 273, 275, 276, 277, 278, 279, 280, 281, 283, 290, 291, 292], "excluded_lines": [], "start_line": 254}, "TFMDataEnhancer.generate_comprehensive_report": {"executed_lines": [], "summary": {"covered_lines": 0, "num_statements": 9, "percent_covered": 0.0, "percent_covered_display": "0", "missing_lines": 9, "excluded_lines": 0, "percent_statements_covered": 0.0, "percent_statements_covered_display": "0"}, "missing_lines": [300, 302, 315, 318, 319, 321, 322, 324, 326], "excluded_lines": [], "start_line": 298}, "TFMDataEnhancer.get_system_status": {"executed_lines": [], "summary": {"covered_lines": 0, "num_statements": 17, "percent_covered": 0.0, "percent_covered_display": "0", "missing_lines": 17, "excluded_lines": 0, "percent_statements_covered": 0.0, "percent_statements_covered_display": "0"}, "missing_lines": [330, 337, 344, 345, 346, 353, 359, 360, 361, 362, 363, 364, 365, 367, 371, 372, 378], "excluded_lines": [], "start_line": 328}, "TFMDataEnhancer.calculate_additional_metrics": {"executed_lines": [], "summary": {"covered_lines": 0, "num_statements": 15, "percent_covered": 0.0, "percent_covered_display": "0", "missing_lines": 15, "excluded_lines": 0, "percent_statements_covered": 0.0, "percent_statements_covered_display": "0"}, "missing_lines": [382, 385, 386, 387, 389, 392, 393, 394, 397, 398, 399, 402, 403, 404, 406], "excluded_lines": [], "start_line": 380}, "TFMDataEnhancer.run_complete_data_generation": {"executed_lines": [], "summary": {"covered_lines": 0, "num_statements": 15, "percent_covered": 0.0, "percent_covered_display": "0", "missing_lines": 15, "excluded_lines": 0, "percent_statements_covered": 0.0, "percent_statements_covered_display": "0"}, "missing_lines": [410, 412, 414, 416, 419, 422, 423, 424, 426, 428, 436, 438, 440, 441, 442], "excluded_lines": [], "start_line": 408}, "TFMDataEnhancer.prepare_viewer_data": {"executed_lines": [], "summary": {"covered_lines": 0, "num_statements": 3, "percent_covered": 0.0, "percent_covered_display": "0", "missing_lines": 3, "excluded_lines": 0, "percent_statements_covered": 0.0, "percent_statements_covered_display": "0"}, "missing_lines": [450, 462, 464], "excluded_lines": [], "start_line": 448}, "TFMDataEnhancer.get_manual_baseline": {"executed_lines": [], "summary": {"covered_lines": 0, "num_statements": 1, "percent_covered": 0.0, "percent_covered_display": "0", "missing_lines": 1, "excluded_lines": 0, "percent_statements_covered": 0.0, "percent_statements_covered_display": "0"}, "missing_lines": [468], "excluded_lines": [], "start_line": 466}, "TFMDataEnhancer.generate_execution_summary": {"executed_lines": [], "summary": {"covered_lines": 0, "num_statements": 2, "percent_covered": 0.0, "percent_covered_display": "0", "missing_lines": 2, "excluded_lines": 0, "percent_statements_covered": 0.0, "percent_statements_covered_display": "0"}, "missing_lines": [479, 488], "excluded_lines": [], "start_line": 477}, "main": {"executed_lines": [], "summary": {"covered_lines": 0, "num_statements": 46, "percent_covered": 0.0, "percent_covered_display": "0", "missing_lines": 46, "excluded_lines": 0, "percent_statements_covered": 0.0, "percent_statements_covered_display": "0"}, "missing_lines": [493, 495, 499, 501, 503, 505, 507, 510, 512, 514, 515, 516, 517, 518, 519, 521, 522, 523, 524, 525, 526, 528, 529, 530, 531, 533, 534, 535, 536, 537, 538, 539, 541, 543, 544, 545, 546, 547, 548, 549, 551, 552, 553, 554, 557, 558], "excluded_lines": [], "start_line": 491}, "": {"executed_lines": [], "summary": {"covered_lines": 0, "num_statements": 35, "percent_covered": 0.0, "percent_covered_display": "0", "missing_lines": 35, "excluded_lines": 0, "percent_statements_covered": 0.0, "percent_statements_covered_display": "0"}, "missing_lines": [7, 8, 9, 10, 11, 12, 13, 14, 17, 19, 20, 21, 24, 28, 31, 34, 45, 54, 81, 102, 107, 128, 166, 192, 254, 298, 328, 380, 408, 448, 466, 477, 491, 561, 562], "excluded_lines": [], "start_line": 1}}, "classes": {"TFMDataEnhancer": {"executed_lines": [], "summary": {"covered_lines": 0, "num_statements": 169, "percent_covered": 0.0, "percent_covered_display": "0", "missing_lines": 169, "excluded_lines": 0, "percent_statements_covered": 0.0, "percent_statements_covered_display": "0"}, "missing_lines": [35, 36, 37, 40, 41, 43, 47, 48, 49, 51, 52, 56, 58, 60, 61, 67, 68, 70, 71, 72, 74, 76, 83, 86, 91, 95, 97, 104, 105, 109, 110, 111, 112, 113, 115, 116, 117, 119, 130, 132, 133, 135, 144, 146, 153, 154, 155, 159, 160, 161, 168, 170, 176, 183, 184, 185, 187, 188, 190, 194, 196, 204, 205, 207, 209, 210, 212, 213, 216, 217, 219, 227, 229, 230, 231, 233, 234, 237, 239, 240, 241, 242, 249, 250, 252, 256, 259, 261, 262, 264, 265, 266, 268, 269, 272, 273, 275, 276, 277, 278, 279, 280, 281, 283, 290, 291, 292, 300, 302, 315, 318, 319, 321, 322, 324, 326, 330, 337, 344, 345, 346, 353, 359, 360, 361, 362, 363, 364, 365, 367, 371, 372, 378, 382, 385, 386, 387, 389, 392, 393, 394, 397, 398, 399, 402, 403, 404, 406, 410, 412, 414, 416, 419, 422, 423, 424, 426, 428, 436, 438, 440, 441, 442, 450, 462, 464, 468, 479, 488], "excluded_lines": [], "start_line": 31}, "": {"executed_lines": [], "summary": {"covered_lines": 0, "num_statements": 81, "percent_covered": 0.0, "percent_covered_display": "0", "missing_lines": 81, "excluded_lines": 0, "percent_statements_covered": 0.0, "percent_statements_covered_display": "0"}, "missing_lines": [7, 8, 9, 10, 11, 12, 13, 14, 17, 19, 20, 21, 24, 28, 31, 34, 45, 54, 81, 102, 107, 128, 166, 192, 254, 298, 328, 380, 408, 448, 466, 477, 491, 493, 495, 499, 501, 503, 505, 507, 510, 512, 514, 515, 516, 517, 518, 519, 521, 522, 523, 524, 525, 526, 528, 529, 530, 531, 533, 534, 535, 536, 537, 538, 539, 541, 543, 544, 545, 546, 547, 548, 549, 551, 552, 553, 554, 557, 558, 561, 562], "excluded_lines": [], "start_line": 1}}}, "src\\soar_lab\\analytics\\tfm_data_viewer.py": {"executed_lines": [], "summary": {"covered_lines": 0, "num_statements": 340, "percent_covered": 0.0, "percent_covered_display": "0", "missing_lines": 340, "excluded_lines": 0, "percent_statements_covered": 0.0, "percent_statements_covered_display": "0"}, "missing_lines": [7, 8, 9, 10, 11, 12, 13, 14, 15, 18, 22, 25, 28, 29, 30, 31, 32, 33, 34, 35, 38, 39, 41, 43, 44, 46, 48, 49, 51, 52, 59, 60, 61, 63, 64, 65, 66, 67, 69, 70, 71, 72, 73, 74, 75, 78, 79, 81, 83, 90, 92, 93, 95, 96, 103, 104, 105, 106, 107, 108, 109, 110, 111, 113, 119, 120, 121, 127, 129, 130, 131, 133, 144, 146, 148, 149, 150, 151, 153, 155, 156, 157, 159, 161, 163, 164, 165, 167, 168, 171, 172, 174, 175, 176, 178, 181, 182, 183, 184, 185, 186, 187, 188, 189, 191, 198, 199, 201, 203, 204, 205, 207, 209, 211, 212, 215, 216, 218, 219, 220, 221, 222, 224, 225, 226, 227, 230, 231, 232, 233, 234, 236, 237, 248, 249, 251, 252, 254, 256, 258, 261, 262, 263, 264, 267, 268, 269, 270, 271, 272, 275, 276, 277, 278, 280, 281, 282, 283, 285, 286, 289, 290, 291, 292, 293, 294, 296, 297, 300, 301, 302, 303, 304, 305, 306, 307, 308, 309, 311, 312, 314, 316, 319, 326, 328, 331, 344, 345, 346, 348, 350, 353, 354, 355, 360, 363, 364, 365, 368, 371, 372, 375, 376, 377, 378, 379, 380, 383, 384, 386, 388, 390, 392, 393, 394, 396, 397, 398, 399, 400, 401, 403, 405, 407, 409, 410, 411, 413, 414, 415, 417, 418, 419, 421, 429, 431, 432, 433, 435, 436, 437, 439, 441, 443, 444, 445, 448, 451, 454, 472, 473, 474, 476, 477, 478, 479, 480, 481, 483, 485, 487, 489, 490, 491, 493, 494, 496, 497, 499, 500, 501, 502, 503, 504, 505, 506, 508, 510, 511, 513, 514, 516, 518, 520, 521, 523, 525, 526, 527, 530, 531, 532, 533, 534, 536, 537, 538, 539, 540, 542, 543, 545, 546, 548, 550, 551, 552, 554, 566, 567, 569, 570, 572, 573, 576, 578, 591, 593, 595, 597, 599, 601, 604, 606, 608, 609, 610, 611, 612, 613, 614, 615, 616, 617, 618, 619, 622, 623, 626, 627], "excluded_lines": [], "functions": {"TFMDataViewer.__init__": {"executed_lines": [], "summary": {"covered_lines": 0, "num_statements": 9, "percent_covered": 0.0, "percent_covered_display": "0", "missing_lines": 9, "excluded_lines": 0, "percent_statements_covered": 0.0, "percent_statements_covered_display": "0"}, "missing_lines": [29, 30, 31, 32, 33, 34, 35, 38, 39], "excluded_lines": [], "start_line": 28}, "TFMDataViewer.clear_cache": {"executed_lines": [], "summary": {"covered_lines": 0, "num_statements": 2, "percent_covered": 0.0, "percent_covered_display": "0", "missing_lines": 2, "excluded_lines": 0, "percent_statements_covered": 0.0, "percent_statements_covered_display": "0"}, "missing_lines": [43, 44], "excluded_lines": [], "start_line": 41}, "TFMDataViewer.parse_log_file": {"executed_lines": [], "summary": {"covered_lines": 0, "num_statements": 23, "percent_covered": 0.0, "percent_covered_display": "0", "missing_lines": 23, "excluded_lines": 0, "percent_statements_covered": 0.0, "percent_statements_covered_display": "0"}, "missing_lines": [48, 49, 51, 52, 59, 60, 61, 63, 64, 65, 66, 67, 69, 70, 71, 72, 73, 74, 75, 78, 79, 81, 83], "excluded_lines": [], "start_line": 46}, "TFMDataViewer.parse_results_file": {"executed_lines": [], "summary": {"covered_lines": 0, "num_statements": 17, "percent_covered": 0.0, "percent_covered_display": "0", "missing_lines": 17, "excluded_lines": 0, "percent_statements_covered": 0.0, "percent_statements_covered_display": "0"}, "missing_lines": [92, 93, 95, 96, 103, 104, 105, 106, 107, 108, 109, 110, 111, 113, 119, 120, 121], "excluded_lines": [], "start_line": 90}, "TFMDataViewer.generate_summary_report": {"executed_lines": [], "summary": {"covered_lines": 0, "num_statements": 5, "percent_covered": 0.0, "percent_covered_display": "0", "missing_lines": 5, "excluded_lines": 0, "percent_statements_covered": 0.0, "percent_statements_covered_display": "0"}, "missing_lines": [129, 130, 131, 133, 144], "excluded_lines": [], "start_line": 127}, "TFMDataViewer.get_cached_summary": {"executed_lines": [], "summary": {"covered_lines": 0, "num_statements": 4, "percent_covered": 0.0, "percent_covered_display": "0", "missing_lines": 4, "excluded_lines": 0, "percent_statements_covered": 0.0, "percent_statements_covered_display": "0"}, "missing_lines": [148, 149, 150, 151], "excluded_lines": [], "start_line": 146}, "TFMDataViewer.format_data_for_display": {"executed_lines": [], "summary": {"covered_lines": 0, "num_statements": 3, "percent_covered": 0.0, "percent_covered_display": "0", "missing_lines": 3, "excluded_lines": 0, "percent_statements_covered": 0.0, "percent_statements_covered_display": "0"}, "missing_lines": [155, 156, 157], "excluded_lines": [], "start_line": 153}, "TFMDataViewer.extract_placeholders": {"executed_lines": [], "summary": {"covered_lines": 0, "num_statements": 24, "percent_covered": 0.0, "percent_covered_display": "0", "missing_lines": 24, "excluded_lines": 0, "percent_statements_covered": 0.0, "percent_statements_covered_display": "0"}, "missing_lines": [161, 163, 164, 165, 167, 168, 171, 172, 174, 175, 176, 178, 181, 182, 183, 184, 185, 186, 187, 188, 189, 191, 198, 199], "excluded_lines": [], "start_line": 159}, "TFMDataViewer.calculate_mttr_metrics": {"executed_lines": [], "summary": {"covered_lines": 0, "num_statements": 30, "percent_covered": 0.0, "percent_covered_display": "0", "missing_lines": 30, "excluded_lines": 0, "percent_statements_covered": 0.0, "percent_statements_covered_display": "0"}, "missing_lines": [203, 204, 205, 207, 209, 211, 212, 215, 216, 218, 219, 220, 221, 222, 224, 225, 226, 227, 230, 231, 232, 233, 234, 236, 237, 248, 249, 251, 252, 254], "excluded_lines": [], "start_line": 201}, "TFMDataViewer.calculate_success_rates": {"executed_lines": [], "summary": {"covered_lines": 0, "num_statements": 42, "percent_covered": 0.0, "percent_covered_display": "0", "missing_lines": 42, "excluded_lines": 0, "percent_statements_covered": 0.0, "percent_statements_covered_display": "0"}, "missing_lines": [258, 261, 262, 263, 264, 267, 268, 269, 270, 271, 272, 275, 276, 277, 278, 280, 281, 282, 283, 285, 286, 289, 290, 291, 292, 293, 294, 296, 297, 300, 301, 302, 303, 304, 305, 306, 307, 308, 309, 311, 312, 314], "excluded_lines": [], "start_line": 256}, "TFMDataViewer.calculate_cost_metrics": {"executed_lines": [], "summary": {"covered_lines": 0, "num_statements": 2, "percent_covered": 0.0, "percent_covered_display": "0", "missing_lines": 2, "excluded_lines": 0, "percent_statements_covered": 0.0, "percent_statements_covered_display": "0"}, "missing_lines": [319, 326], "excluded_lines": [], "start_line": 316}, "TFMDataViewer.get_manual_baseline_data": {"executed_lines": [], "summary": {"covered_lines": 0, "num_statements": 5, "percent_covered": 0.0, "percent_covered_display": "0", "missing_lines": 5, "excluded_lines": 0, "percent_statements_covered": 0.0, "percent_statements_covered_display": "0"}, "missing_lines": [331, 344, 345, 346, 348], "excluded_lines": [], "start_line": 328}, "TFMDataViewer.calculate_all_metrics": {"executed_lines": [], "summary": {"covered_lines": 0, "num_statements": 19, "percent_covered": 0.0, "percent_covered_display": "0", "missing_lines": 19, "excluded_lines": 0, "percent_statements_covered": 0.0, "percent_statements_covered_display": "0"}, "missing_lines": [353, 354, 355, 360, 363, 364, 365, 368, 371, 372, 375, 376, 377, 378, 379, 380, 383, 384, 386], "excluded_lines": [], "start_line": 350}, "TFMDataViewer._calculate_reduction_metrics": {"executed_lines": [], "summary": {"covered_lines": 0, "num_statements": 11, "percent_covered": 0.0, "percent_covered_display": "0", "missing_lines": 11, "excluded_lines": 0, "percent_statements_covered": 0.0, "percent_statements_covered_display": "0"}, "missing_lines": [390, 392, 393, 394, 396, 397, 398, 399, 400, 401, 403], "excluded_lines": [], "start_line": 388}, "TFMDataViewer._calculate_percentile_reductions": {"executed_lines": [], "summary": {"covered_lines": 0, "num_statements": 11, "percent_covered": 0.0, "percent_covered_display": "0", "missing_lines": 11, "excluded_lines": 0, "percent_statements_covered": 0.0, "percent_statements_covered_display": "0"}, "missing_lines": [407, 409, 410, 411, 413, 414, 415, 417, 418, 419, 421], "excluded_lines": [], "start_line": 405}, "TFMDataViewer.display_placeholder_data": {"executed_lines": [], "summary": {"covered_lines": 0, "num_statements": 7, "percent_covered": 0.0, "percent_covered_display": "0", "missing_lines": 7, "excluded_lines": 0, "percent_statements_covered": 0.0, "percent_statements_covered_display": "0"}, "missing_lines": [431, 432, 433, 435, 436, 437, 439], "excluded_lines": [], "start_line": 429}, "TFMDataViewer.display_all_available_data": {"executed_lines": [], "summary": {"covered_lines": 0, "num_statements": 17, "percent_covered": 0.0, "percent_covered_display": "0", "missing_lines": 17, "excluded_lines": 0, "percent_statements_covered": 0.0, "percent_statements_covered_display": "0"}, "missing_lines": [443, 444, 445, 448, 451, 454, 472, 473, 474, 476, 477, 478, 479, 480, 481, 483, 485], "excluded_lines": [], "start_line": 441}, "TFMDataViewer.display_placeholder_status": {"executed_lines": [], "summary": {"covered_lines": 0, "num_statements": 21, "percent_covered": 0.0, "percent_covered_display": "0", "missing_lines": 21, "excluded_lines": 0, "percent_statements_covered": 0.0, "percent_statements_covered_display": "0"}, "missing_lines": [489, 490, 491, 493, 494, 496, 497, 499, 500, 501, 502, 503, 504, 505, 506, 508, 510, 511, 513, 514, 516], "excluded_lines": [], "start_line": 487}, "TFMDataViewer.watch_data_changes": {"executed_lines": [], "summary": {"covered_lines": 0, "num_statements": 20, "percent_covered": 0.0, "percent_covered_display": "0", "missing_lines": 20, "excluded_lines": 0, "percent_statements_covered": 0.0, "percent_statements_covered_display": "0"}, "missing_lines": [520, 521, 523, 525, 526, 527, 530, 531, 532, 533, 534, 536, 537, 538, 539, 540, 542, 543, 545, 546], "excluded_lines": [], "start_line": 518}, "TFMDataViewer.export_data_json": {"executed_lines": [], "summary": {"covered_lines": 0, "num_statements": 10, "percent_covered": 0.0, "percent_covered_display": "0", "missing_lines": 10, "excluded_lines": 0, "percent_statements_covered": 0.0, "percent_statements_covered_display": "0"}, "missing_lines": [550, 551, 552, 554, 566, 567, 569, 570, 572, 573], "excluded_lines": [], "start_line": 548}, "main": {"executed_lines": [], "summary": {"covered_lines": 0, "num_statements": 23, "percent_covered": 0.0, "percent_covered_display": "0", "missing_lines": 23, "excluded_lines": 0, "percent_statements_covered": 0.0, "percent_statements_covered_display": "0"}, "missing_lines": [578, 591, 593, 595, 597, 599, 601, 604, 606, 608, 609, 610, 611, 612, 613, 614, 615, 616, 617, 618, 619, 622, 623], "excluded_lines": [], "start_line": 576}, "": {"executed_lines": [], "summary": {"covered_lines": 0, "num_statements": 35, "percent_covered": 0.0, "percent_covered_display": "0", "missing_lines": 35, "excluded_lines": 0, "percent_statements_covered": 0.0, "percent_statements_covered_display": "0"}, "missing_lines": [7, 8, 9, 10, 11, 12, 13, 14, 15, 18, 22, 25, 28, 41, 46, 90, 127, 146, 153, 159, 201, 256, 316, 328, 350, 388, 405, 429, 441, 487, 518, 548, 576, 626, 627], "excluded_lines": [], "start_line": 1}}, "classes": {"TFMDataViewer": {"executed_lines": [], "summary": {"covered_lines": 0, "num_statements": 282, "percent_covered": 0.0, "percent_covered_display": "0", "missing_lines": 282, "excluded_lines": 0, "percent_statements_covered": 0.0, "percent_statements_covered_display": "0"}, "missing_lines": [29, 30, 31, 32, 33, 34, 35, 38, 39, 43, 44, 48, 49, 51, 52, 59, 60, 61, 63, 64, 65, 66, 67, 69, 70, 71, 72, 73, 74, 75, 78, 79, 81, 83, 92, 93, 95, 96, 103, 104, 105, 106, 107, 108, 109, 110, 111, 113, 119, 120, 121, 129, 130, 131, 133, 144, 148, 149, 150, 151, 155, 156, 157, 161, 163, 164, 165, 167, 168, 171, 172, 174, 175, 176, 178, 181, 182, 183, 184, 185, 186, 187, 188, 189, 191, 198, 199, 203, 204, 205, 207, 209, 211, 212, 215, 216, 218, 219, 220, 221, 222, 224, 225, 226, 227, 230, 231, 232, 233, 234, 236, 237, 248, 249, 251, 252, 254, 258, 261, 262, 263, 264, 267, 268, 269, 270, 271, 272, 275, 276, 277, 278, 280, 281, 282, 283, 285, 286, 289, 290, 291, 292, 293, 294, 296, 297, 300, 301, 302, 303, 304, 305, 306, 307, 308, 309, 311, 312, 314, 319, 326, 331, 344, 345, 346, 348, 353, 354, 355, 360, 363, 364, 365, 368, 371, 372, 375, 376, 377, 378, 379, 380, 383, 384, 386, 390, 392, 393, 394, 396, 397, 398, 399, 400, 401, 403, 407, 409, 410, 411, 413, 414, 415, 417, 418, 419, 421, 431, 432, 433, 435, 436, 437, 439, 443, 444, 445, 448, 451, 454, 472, 473, 474, 476, 477, 478, 479, 480, 481, 483, 485, 489, 490, 491, 493, 494, 496, 497, 499, 500, 501, 502, 503, 504, 505, 506, 508, 510, 511, 513, 514, 516, 520, 521, 523, 525, 526, 527, 530, 531, 532, 533, 534, 536, 537, 538, 539, 540, 542, 543, 545, 546, 550, 551, 552, 554, 566, 567, 569, 570, 572, 573], "excluded_lines": [], "start_line": 25}, "": {"executed_lines": [], "summary": {"covered_lines": 0, "num_statements": 58, "percent_covered": 0.0, "percent_covered_display": "0", "missing_lines": 58, "excluded_lines": 0, "percent_statements_covered": 0.0, "percent_statements_covered_display": "0"}, "missing_lines": [7, 8, 9, 10, 11, 12, 13, 14, 15, 18, 22, 25, 28, 41, 46, 90, 127, 146, 153, 159, 201, 256, 316, 328, 350, 388, 405, 429, 441, 487, 518, 548, 576, 578, 591, 593, 595, 597, 599, 601, 604, 606, 608, 609, 610, 611, 612, 613, 614, 615, 616, 617, 618, 619, 622, 623, 626, 627], "excluded_lines": [], "start_line": 1}}}, "src\\soar_lab\\api\\__init__.py": {"executed_lines": [], "summary": {"covered_lines": 0, "num_statements": 0, "percent_covered": 100.0, "percent_covered_display": "100", "missing_lines": 0, "excluded_lines": 0, "percent_statements_covered": 100.0, "percent_statements_covered_display": "100"}, "missing_lines": [], "excluded_lines": [], "functions": {"": {"executed_lines": [], "summary": {"covered_lines": 0, "num_statements": 0, "percent_covered": 100.0, "percent_covered_display": "100", "missing_lines": 0, "excluded_lines": 0, "percent_statements_covered": 100.0, "percent_statements_covered_display": "100"}, "missing_lines": [], "excluded_lines": [], "start_line": 1}}, "classes": {"": {"executed_lines": [], "summary": {"covered_lines": 0, "num_statements": 0, "percent_covered": 100.0, "percent_covered_display": "100", "missing_lines": 0, "excluded_lines": 0, "percent_statements_covered": 100.0, "percent_statements_covered_display": "100"}, "missing_lines": [], "excluded_lines": [], "start_line": 1}}}, "src\\soar_lab\\api\\main.py": {"executed_lines": [1, 2, 3, 4, 5, 6, 7, 8, 9, 10, 11, 12, 13, 14, 15, 16, 19, 20, 23, 30, 39, 42, 43, 44, 45, 46, 55, 56, 58, 59, 60, 63, 64, 65, 67, 68, 70, 71, 73, 74, 75, 76, 78, 79, 80, 81, 82, 84, 85, 86, 87, 88, 89, 90, 91, 94, 96, 97, 99, 100, 101, 103, 105, 107, 108, 110, 111, 112, 115, 116, 120, 121, 122, 124, 128, 131, 134, 142, 145, 148, 149, 151, 164, 165, 167, 169, 174, 176, 177, 178, 180, 181, 183, 188, 190, 192, 197, 201, 205, 208, 209, 211, 218, 219, 221, 226, 228, 229, 231, 244, 246, 247, 262, 265, 267, 273, 276, 280, 283, 284, 285, 333, 334, 335, 337, 338, 339, 341, 347, 353, 354, 357, 366, 368, 373, 376, 378, 379, 380, 383, 384, 389, 390, 392, 397, 400, 401, 404, 410, 418, 419, 421, 423, 425, 427, 433, 443, 453, 455, 457, 459, 461, 467, 469, 470, 472, 473, 476, 478, 487, 497, 498, 522], "summary": {"covered_lines": 173, "num_statements": 285, "percent_covered": 60.70175438596491, "percent_covered_display": "61", "missing_lines": 112, "excluded_lines": 0, "percent_statements_covered": 60.70175438596491, "percent_statements_covered_display": "61"}, "missing_lines": [48, 49, 50, 51, 52, 57, 117, 125, 126, 129, 132, 135, 136, 137, 138, 140, 141, 143, 179, 199, 204, 217, 249, 250, 251, 252, 254, 255, 256, 257, 258, 259, 260, 261, 263, 275, 277, 279, 291, 292, 293, 296, 297, 298, 299, 302, 303, 305, 306, 308, 309, 310, 311, 312, 313, 314, 315, 316, 318, 319, 320, 322, 332, 336, 349, 351, 352, 363, 369, 370, 371, 372, 374, 375, 377, 386, 388, 399, 407, 424, 435, 436, 437, 438, 440, 441, 442, 444, 446, 458, 486, 489, 491, 492, 493, 494, 495, 500, 501, 502, 504, 511, 514, 516, 517, 518, 519, 520, 523, 524, 525, 526], "excluded_lines": [], "functions": {"verify_credentials": {"executed_lines": [96, 97, 99, 100, 101, 103], "summary": {"covered_lines": 6, "num_statements": 6, "percent_covered": 100.0, "percent_covered_display": "100", "missing_lines": 0, "excluded_lines": 0, "percent_statements_covered": 100.0, "percent_statements_covered_display": "100"}, "missing_lines": [], "excluded_lines": [], "start_line": 94}, "get_current_user": {"executed_lines": [107, 108, 110, 111, 112, 115, 116], "summary": {"covered_lines": 7, "num_statements": 8, "percent_covered": 87.5, "percent_covered_display": "88", "missing_lines": 1, "excluded_lines": 0, "percent_statements_covered": 87.5, "percent_statements_covered_display": "88"}, "missing_lines": [117], "excluded_lines": [], "start_line": 105}, "ConnectionManager.__init__": {"executed_lines": [122], "summary": {"covered_lines": 1, "num_statements": 1, "percent_covered": 100.0, "percent_covered_display": "100", "missing_lines": 0, "excluded_lines": 0, "percent_statements_covered": 100.0, "percent_statements_covered_display": "100"}, "missing_lines": [], "excluded_lines": [], "start_line": 121}, "ConnectionManager.connect": {"executed_lines": [], "summary": {"covered_lines": 0, "num_statements": 2, "percent_covered": 0.0, "percent_covered_display": "0", "missing_lines": 2, "excluded_lines": 0, "percent_statements_covered": 0.0, "percent_statements_covered_display": "0"}, "missing_lines": [125, 126], "excluded_lines": [], "start_line": 124}, "ConnectionManager.disconnect": {"executed_lines": [], "summary": {"covered_lines": 0, "num_statements": 1, "percent_covered": 0.0, "percent_covered_display": "0", "missing_lines": 1, "excluded_lines": 0, "percent_statements_covered": 0.0, "percent_statements_covered_display": "0"}, "missing_lines": [129], "excluded_lines": [], "start_line": 128}, "ConnectionManager.send_personal_message": {"executed_lines": [], "summary": {"covered_lines": 0, "num_statements": 1, "percent_covered": 0.0, "percent_covered_display": "0", "missing_lines": 1, "excluded_lines": 0, "percent_statements_covered": 0.0, "percent_statements_covered_display": "0"}, "missing_lines": [132], "excluded_lines": [], "start_line": 131}, "ConnectionManager.broadcast": {"executed_lines": [142], "summary": {"covered_lines": 1, "num_statements": 8, "percent_covered": 12.5, "percent_covered_display": "12", "missing_lines": 7, "excluded_lines": 0, "percent_statements_covered": 12.5, "percent_statements_covered_display": "12"}, "missing_lines": [135, 136, 137, 138, 140, 141, 143], "excluded_lines": [], "start_line": 134}, "root": {"executed_lines": [151], "summary": {"covered_lines": 1, "num_statements": 1, "percent_covered": 100.0, "percent_covered_display": "100", "missing_lines": 0, "excluded_lines": 0, "percent_statements_covered": 100.0, "percent_statements_covered_display": "100"}, "missing_lines": [], "excluded_lines": [], "start_line": 149}, "health_check": {"executed_lines": [167], "summary": {"covered_lines": 1, "num_statements": 1, "percent_covered": 100.0, "percent_covered_display": "100", "missing_lines": 0, "excluded_lines": 0, "percent_statements_covered": 100.0, "percent_statements_covered_display": "100"}, "missing_lines": [], "excluded_lines": [], "start_line": 165}, "login": {"executed_lines": [176, 177, 178, 180, 181], "summary": {"covered_lines": 5, "num_statements": 6, "percent_covered": 83.33333333333333, "percent_covered_display": "83", "missing_lines": 1, "excluded_lines": 0, "percent_statements_covered": 83.33333333333333, "percent_statements_covered_display": "83"}, "missing_lines": [179], "excluded_lines": [], "start_line": 174}, "verify_auth": {"executed_lines": [190], "summary": {"covered_lines": 1, "num_statements": 1, "percent_covered": 100.0, "percent_covered_display": "100", "missing_lines": 0, "excluded_lines": 0, "percent_statements_covered": 100.0, "percent_statements_covered_display": "100"}, "missing_lines": [], "excluded_lines": [], "start_line": 188}, "get_metrics": {"executed_lines": [201, 205, 208, 209, 211, 218, 219], "summary": {"covered_lines": 7, "num_statements": 10, "percent_covered": 70.0, "percent_covered_display": "70", "missing_lines": 3, "excluded_lines": 0, "percent_statements_covered": 70.0, "percent_statements_covered_display": "70"}, "missing_lines": [199, 204, 217], "excluded_lines": [], "start_line": 197}, "get_services_status": {"executed_lines": [228, 229, 231, 244, 246, 247, 262, 265], "summary": {"covered_lines": 8, "num_statements": 21, "percent_covered": 38.095238095238095, "percent_covered_display": "38", "missing_lines": 13, "excluded_lines": 0, "percent_statements_covered": 38.095238095238095, "percent_statements_covered_display": "38"}, "missing_lines": [249, 250, 251, 252, 254, 255, 256, 257, 258, 259, 260, 261, 263], "excluded_lines": [], "start_line": 226}, "run_tests": {"executed_lines": [276, 280, 283, 284, 285, 333, 334, 335, 337, 338, 339], "summary": {"covered_lines": 11, "num_statements": 40, "percent_covered": 27.5, "percent_covered_display": "28", "missing_lines": 29, "excluded_lines": 0, "percent_statements_covered": 27.5, "percent_statements_covered_display": "28"}, "missing_lines": [275, 277, 279, 291, 292, 293, 296, 297, 298, 299, 302, 303, 305, 306, 308, 309, 310, 311, 312, 313, 314, 315, 316, 318, 319, 320, 322, 332, 336], "excluded_lines": [], "start_line": 273}, "get_test_coverage": {"executed_lines": [353, 354, 357, 366, 368, 373, 376, 378, 379, 380, 383, 384, 389, 390], "summary": {"covered_lines": 14, "num_statements": 27, "percent_covered": 51.851851851851855, "percent_covered_display": "52", "missing_lines": 13, "excluded_lines": 0, "percent_statements_covered": 51.851851851851855, "percent_statements_covered_display": "52"}, "missing_lines": [349, 351, 352, 363, 369, 370, 371, 372, 374, 375, 377, 386, 388], "excluded_lines": [], "start_line": 347}, "create_backup": {"executed_lines": [400, 401, 404, 410, 418, 419, 421, 423, 425], "summary": {"covered_lines": 9, "num_statements": 12, "percent_covered": 75.0, "percent_covered_display": "75", "missing_lines": 3, "excluded_lines": 0, "percent_statements_covered": 75.0, "percent_statements_covered_display": "75"}, "missing_lines": [399, 407, 424], "excluded_lines": [], "start_line": 397}, "list_backups": {"executed_lines": [443, 453, 455, 457, 459], "summary": {"covered_lines": 5, "num_statements": 15, "percent_covered": 33.333333333333336, "percent_covered_display": "33", "missing_lines": 10, "excluded_lines": 0, "percent_statements_covered": 33.333333333333336, "percent_statements_covered_display": "33"}, "missing_lines": [435, 436, 437, 438, 440, 441, 442, 444, 446, 458], "excluded_lines": [], "start_line": 433}, "restore_backup": {"executed_lines": [469, 470, 472, 473, 476, 478, 487], "summary": {"covered_lines": 7, "num_statements": 14, "percent_covered": 50.0, "percent_covered_display": "50", "missing_lines": 7, "excluded_lines": 0, "percent_statements_covered": 50.0, "percent_statements_covered_display": "50"}, "missing_lines": [486, 489, 491, 492, 493, 494, 495], "excluded_lines": [], "start_line": 467}, "websocket_logs": {"executed_lines": [], "summary": {"covered_lines": 0, "num_statements": 11, "percent_covered": 0.0, "percent_covered_display": "0", "missing_lines": 11, "excluded_lines": 0, "percent_statements_covered": 0.0, "percent_statements_covered_display": "0"}, "missing_lines": [500, 501, 502, 504, 511, 514, 516, 517, 518, 519, 520], "excluded_lines": [], "start_line": 498}, "": {"executed_lines": [1, 2, 3, 4, 5, 6, 7, 8, 9, 10, 11, 12, 13, 14, 15, 16, 19, 20, 23, 30, 39, 42, 43, 44, 45, 46, 55, 56, 58, 59, 60, 63, 64, 65, 67, 68, 70, 71, 73, 74, 75, 76, 78, 79, 80, 81, 82, 84, 85, 86, 87, 88, 89, 90, 91, 94, 105, 120, 121, 124, 128, 131, 134, 145, 148, 149, 164, 165, 169, 174, 183, 188, 192, 197, 221, 226, 267, 273, 341, 347, 392, 397, 427, 433, 461, 467, 497, 498, 522], "summary": {"covered_lines": 89, "num_statements": 99, "percent_covered": 89.8989898989899, "percent_covered_display": "90", "missing_lines": 10, "excluded_lines": 0, "percent_statements_covered": 89.8989898989899, "percent_statements_covered_display": "90"}, "missing_lines": [48, 49, 50, 51, 52, 57, 523, 524, 525, 526], "excluded_lines": [], "start_line": 1}}, "classes": {"LoginRequest": {"executed_lines": [], "summary": {"covered_lines": 0, "num_statements": 0, "percent_covered": 100.0, "percent_covered_display": "100", "missing_lines": 0, "excluded_lines": 0, "percent_statements_covered": 100.0, "percent_statements_covered_display": "100"}, "missing_lines": [], "excluded_lines": [], "start_line": 63}, "TestRequest": {"executed_lines": [], "summary": {"covered_lines": 0, "num_statements": 0, "percent_covered": 100.0, "percent_covered_display": "100", "missing_lines": 0, "excluded_lines": 0, "percent_statements_covered": 100.0, "percent_statements_covered_display": "100"}, "missing_lines": [], "excluded_lines": [], "start_line": 67}, "BackupRequest": {"executed_lines": [], "summary": {"covered_lines": 0, "num_statements": 0, "percent_covered": 100.0, "percent_covered_display": "100", "missing_lines": 0, "excluded_lines": 0, "percent_statements_covered": 100.0, "percent_statements_covered_display": "100"}, "missing_lines": [], "excluded_lines": [], "start_line": 70}, "ServiceStatus": {"executed_lines": [], "summary": {"covered_lines": 0, "num_statements": 0, "percent_covered": 100.0, "percent_covered_display": "100", "missing_lines": 0, "excluded_lines": 0, "percent_statements_covered": 100.0, "percent_statements_covered_display": "100"}, "missing_lines": [], "excluded_lines": [], "start_line": 73}, "Metrics": {"executed_lines": [], "summary": {"covered_lines": 0, "num_statements": 0, "percent_covered": 100.0, "percent_covered_display": "100", "missing_lines": 0, "excluded_lines": 0, "percent_statements_covered": 100.0, "percent_statements_covered_display": "100"}, "missing_lines": [], "excluded_lines": [], "start_line": 78}, "TestResults": {"executed_lines": [], "summary": {"covered_lines": 0, "num_statements": 0, "percent_covered": 100.0, "percent_covered_display": "100", "missing_lines": 0, "excluded_lines": 0, "percent_statements_covered": 100.0, "percent_statements_covered_display": "100"}, "missing_lines": [], "excluded_lines": [], "start_line": 84}, "ConnectionManager": {"executed_lines": [122, 142], "summary": {"covered_lines": 2, "num_statements": 13, "percent_covered": 15.384615384615385, "percent_covered_display": "15", "missing_lines": 11, "excluded_lines": 0, "percent_statements_covered": 15.384615384615385, "percent_statements_covered_display": "15"}, "missing_lines": [125, 126, 129, 132, 135, 136, 137, 138, 140, 141, 143], "excluded_lines": [], "start_line": 120}, "": {"executed_lines": [1, 2, 3, 4, 5, 6, 7, 8, 9, 10, 11, 12, 13, 14, 15, 16, 19, 20, 23, 30, 39, 42, 43, 44, 45, 46, 55, 56, 58, 59, 60, 63, 64, 65, 67, 68, 70, 71, 73, 74, 75, 76, 78, 79, 80, 81, 82, 84, 85, 86, 87, 88, 89, 90, 91, 94, 96, 97, 99, 100, 101, 103, 105, 107, 108, 110, 111, 112, 115, 116, 120, 121, 124, 128, 131, 134, 145, 148, 149, 151, 164, 165, 167, 169, 174, 176, 177, 178, 180, 181, 183, 188, 190, 192, 197, 201, 205, 208, 209, 211, 218, 219, 221, 226, 228, 229, 231, 244, 246, 247, 262, 265, 267, 273, 276, 280, 283, 284, 285, 333, 334, 335, 337, 338, 339, 341, 347, 353, 354, 357, 366, 368, 373, 376, 378, 379, 380, 383, 384, 389, 390, 392, 397, 400, 401, 404, 410, 418, 419, 421, 423, 425, 427, 433, 443, 453, 455, 457, 459, 461, 467, 469, 470, 472, 473, 476, 478, 487, 497, 498, 522], "summary": {"covered_lines": 171, "num_statements": 272, "percent_covered": 62.86764705882353, "percent_covered_display": "63", "missing_lines": 101, "excluded_lines": 0, "percent_statements_covered": 62.86764705882353, "percent_statements_covered_display": "63"}, "missing_lines": [48, 49, 50, 51, 52, 57, 117, 179, 199, 204, 217, 249, 250, 251, 252, 254, 255, 256, 257, 258, 259, 260, 261, 263, 275, 277, 279, 291, 292, 293, 296, 297, 298, 299, 302, 303, 305, 306, 308, 309, 310, 311, 312, 313, 314, 315, 316, 318, 319, 320, 322, 332, 336, 349, 351, 352, 363, 369, 370, 371, 372, 374, 375, 377, 386, 388, 399, 407, 424, 435, 436, 437, 438, 440, 441, 442, 444, 446, 458, 486, 489, 491, 492, 493, 494, 495, 500, 501, 502, 504, 511, 514, 516, 517, 518, 519, 520, 523, 524, 525, 526], "excluded_lines": [], "start_line": 1}}}, "src\\soar_lab\\config\\__init__.py": {"executed_lines": [], "summary": {"covered_lines": 0, "num_statements": 0, "percent_covered": 100.0, "percent_covered_display": "100", "missing_lines": 0, "excluded_lines": 0, "percent_statements_covered": 100.0, "percent_statements_covered_display": "100"}, "missing_lines": [], "excluded_lines": [], "functions": {"": {"executed_lines": [], "summary": {"covered_lines": 0, "num_statements": 0, "percent_covered": 100.0, "percent_covered_display": "100", "missing_lines": 0, "excluded_lines": 0, "percent_statements_covered": 100.0, "percent_statements_covered_display": "100"}, "missing_lines": [], "excluded_lines": [], "start_line": 1}}, "classes": {"": {"executed_lines": [], "summary": {"covered_lines": 0, "num_statements": 0, "percent_covered": 100.0, "percent_covered_display": "100", "missing_lines": 0, "excluded_lines": 0, "percent_statements_covered": 100.0, "percent_statements_covered_display": "100"}, "missing_lines": [], "excluded_lines": [], "start_line": 1}}}, "src\\soar_lab\\config\\schemas.py": {"executed_lines": [7, 8, 9, 10, 13, 14, 15, 18, 20, 21, 22, 23, 26, 28, 29, 30, 33, 35, 36, 37, 38, 39, 41, 42, 45, 48, 50, 51, 52, 54, 55, 57, 59, 62, 64, 65, 66, 68, 69, 71, 75, 76, 77, 78, 81, 83, 84, 85, 86, 87, 89, 90, 92, 93, 94, 97, 99, 100, 101, 102, 103, 104, 105, 106, 107, 108, 109, 110, 111, 112, 113, 115, 116, 118, 120, 122, 123, 125, 127, 129, 130, 132, 134, 137, 139, 140, 141, 142, 144, 145, 147, 148, 149, 152, 154, 155, 156, 157, 158, 159, 160, 161, 163, 164, 171, 173, 174, 175, 176, 177, 178, 179, 180, 181, 182, 183, 184, 185, 187, 188, 194, 195, 202, 204, 205, 206, 207, 208, 209, 211, 212, 219, 221, 222, 223, 224, 225, 226, 227, 228, 229, 231, 232, 239, 241, 242, 243, 244, 245, 246, 247, 248, 249, 251, 252, 264, 266, 267, 269, 271, 272, 274, 275, 278, 283, 288, 297, 306], "summary": {"covered_lines": 168, "num_statements": 212, "percent_covered": 79.24528301886792, "percent_covered_display": "79", "missing_lines": 44, "excluded_lines": 0, "percent_statements_covered": 79.24528301886792, "percent_statements_covered_display": "79"}, "missing_lines": [58, 119, 126, 133, 166, 167, 168, 190, 191, 192, 197, 198, 199, 214, 215, 216, 234, 235, 236, 254, 255, 256, 257, 258, 259, 260, 268, 280, 285, 290, 291, 292, 293, 294, 299, 300, 301, 302, 303, 308, 309, 313, 314, 315], "excluded_lines": [], "functions": {"NetworkEvent.validate_src_ip": {"executed_lines": [45], "summary": {"covered_lines": 1, "num_statements": 1, "percent_covered": 100.0, "percent_covered_display": "100", "missing_lines": 0, "excluded_lines": 0, "percent_statements_covered": 100.0, "percent_statements_covered_display": "100"}, "missing_lines": [], "excluded_lines": [], "start_line": 42}, "FileHash.validate_sha256_format": {"executed_lines": [57, 59], "summary": {"covered_lines": 2, "num_statements": 3, "percent_covered": 66.66666666666667, "percent_covered_display": "67", "missing_lines": 1, "excluded_lines": 0, "percent_statements_covered": 66.66666666666667, "percent_statements_covered_display": "67"}, "missing_lines": [58], "excluded_lines": [], "start_line": 55}, "MITREInfo.validate_tactics": {"executed_lines": [71, 75, 76, 77, 78], "summary": {"covered_lines": 5, "num_statements": 5, "percent_covered": 100.0, "percent_covered_display": "100", "missing_lines": 0, "excluded_lines": 0, "percent_statements_covered": 100.0, "percent_statements_covered_display": "100"}, "missing_lines": [], "excluded_lines": [], "start_line": 69}, "AffectedFile.validate_path": {"executed_lines": [92, 93, 94], "summary": {"covered_lines": 3, "num_statements": 3, "percent_covered": 100.0, "percent_covered_display": "100", "missing_lines": 0, "excluded_lines": 0, "percent_statements_covered": 100.0, "percent_statements_covered_display": "100"}, "missing_lines": [], "excluded_lines": [], "start_line": 90}, "RansomwareAlert.validate_alert_id": {"executed_lines": [118, 120], "summary": {"covered_lines": 2, "num_statements": 3, "percent_covered": 66.66666666666667, "percent_covered_display": "67", "missing_lines": 1, "excluded_lines": 0, "percent_statements_covered": 66.66666666666667, "percent_statements_covered_display": "67"}, "missing_lines": [119], "excluded_lines": [], "start_line": 116}, "RansomwareAlert.validate_hostname": {"executed_lines": [125, 127], "summary": {"covered_lines": 2, "num_statements": 3, "percent_covered": 66.66666666666667, "percent_covered_display": "67", "missing_lines": 1, "excluded_lines": 0, "percent_statements_covered": 66.66666666666667, "percent_statements_covered_display": "67"}, "missing_lines": [126], "excluded_lines": [], "start_line": 123}, "RansomwareAlert.validate_detection_time": {"executed_lines": [132, 134], "summary": {"covered_lines": 2, "num_statements": 3, "percent_covered": 66.66666666666667, "percent_covered_display": "67", "missing_lines": 1, "excluded_lines": 0, "percent_statements_covered": 66.66666666666667, "percent_statements_covered_display": "67"}, "missing_lines": [133], "excluded_lines": [], "start_line": 130}, "WebhookPayload.validate_version": {"executed_lines": [147, 148, 149], "summary": {"covered_lines": 3, "num_statements": 3, "percent_covered": 100.0, "percent_covered_display": "100", "missing_lines": 0, "excluded_lines": 0, "percent_statements_covered": 100.0, "percent_statements_covered_display": "100"}, "missing_lines": [], "excluded_lines": [], "start_line": 145}, "ContainmentAction.validate_action_id": {"executed_lines": [], "summary": {"covered_lines": 0, "num_statements": 3, "percent_covered": 0.0, "percent_covered_display": "0", "missing_lines": 3, "excluded_lines": 0, "percent_statements_covered": 0.0, "percent_statements_covered_display": "0"}, "missing_lines": [166, 167, 168], "excluded_lines": [], "start_line": 164}, "KPIReport.validate_p50_threshold": {"executed_lines": [], "summary": {"covered_lines": 0, "num_statements": 3, "percent_covered": 0.0, "percent_covered_display": "0", "missing_lines": 3, "excluded_lines": 0, "percent_statements_covered": 0.0, "percent_statements_covered_display": "0"}, "missing_lines": [190, 191, 192], "excluded_lines": [], "start_line": 188}, "KPIReport.validate_p90_threshold": {"executed_lines": [], "summary": {"covered_lines": 0, "num_statements": 3, "percent_covered": 0.0, "percent_covered_display": "0", "missing_lines": 3, "excluded_lines": 0, "percent_statements_covered": 0.0, "percent_statements_covered_display": "0"}, "missing_lines": [197, 198, 199], "excluded_lines": [], "start_line": 195}, "HealthCheck.validate_response_time": {"executed_lines": [], "summary": {"covered_lines": 0, "num_statements": 3, "percent_covered": 0.0, "percent_covered_display": "0", "missing_lines": 3, "excluded_lines": 0, "percent_statements_covered": 0.0, "percent_statements_covered_display": "0"}, "missing_lines": [214, 215, 216], "excluded_lines": [], "start_line": 212}, "BackupReport.validate_backup_id": {"executed_lines": [], "summary": {"covered_lines": 0, "num_statements": 3, "percent_covered": 0.0, "percent_covered_display": "0", "missing_lines": 3, "excluded_lines": 0, "percent_statements_covered": 0.0, "percent_statements_covered_display": "0"}, "missing_lines": [234, 235, 236], "excluded_lines": [], "start_line": 232}, "SecurityScan.validate_vulnerabilities": {"executed_lines": [], "summary": {"covered_lines": 0, "num_statements": 7, "percent_covered": 0.0, "percent_covered_display": "0", "missing_lines": 7, "excluded_lines": 0, "percent_statements_covered": 0.0, "percent_statements_covered_display": "0"}, "missing_lines": [254, 255, 256, 257, 258, 259, 260], "excluded_lines": [], "start_line": 252}, "validate_alert_data": {"executed_lines": [266, 267, 269, 271, 272, 274, 275], "summary": {"covered_lines": 7, "num_statements": 8, "percent_covered": 87.5, "percent_covered_display": "88", "missing_lines": 1, "excluded_lines": 0, "percent_statements_covered": 87.5, "percent_statements_covered_display": "88"}, "missing_lines": [268], "excluded_lines": [], "start_line": 264}, "validate_webhook_payload": {"executed_lines": [], "summary": {"covered_lines": 0, "num_statements": 1, "percent_covered": 0.0, "percent_covered_display": "0", "missing_lines": 1, "excluded_lines": 0, "percent_statements_covered": 0.0, "percent_statements_covered_display": "0"}, "missing_lines": [280], "excluded_lines": [], "start_line": 278}, "validate_kpi_report": {"executed_lines": [], "summary": {"covered_lines": 0, "num_statements": 1, "percent_covered": 0.0, "percent_covered_display": "0", "missing_lines": 1, "excluded_lines": 0, "percent_statements_covered": 0.0, "percent_statements_covered_display": "0"}, "missing_lines": [285], "excluded_lines": [], "start_line": 283}, "is_valid_sha256": {"executed_lines": [], "summary": {"covered_lines": 0, "num_statements": 5, "percent_covered": 0.0, "percent_covered_display": "0", "missing_lines": 5, "excluded_lines": 0, "percent_statements_covered": 0.0, "percent_statements_covered_display": "0"}, "missing_lines": [290, 291, 292, 293, 294], "excluded_lines": [], "start_line": 288}, "is_valid_ip_address": {"executed_lines": [], "summary": {"covered_lines": 0, "num_statements": 5, "percent_covered": 0.0, "percent_covered_display": "0", "missing_lines": 5, "excluded_lines": 0, "percent_statements_covered": 0.0, "percent_statements_covered_display": "0"}, "missing_lines": [299, 300, 301, 302, 303], "excluded_lines": [], "start_line": 297}, "is_valid_alert_id": {"executed_lines": [], "summary": {"covered_lines": 0, "num_statements": 5, "percent_covered": 0.0, "percent_covered_display": "0", "missing_lines": 5, "excluded_lines": 0, "percent_statements_covered": 0.0, "percent_statements_covered_display": "0"}, "missing_lines": [308, 309, 313, 314, 315], "excluded_lines": [], "start_line": 306}, "": {"executed_lines": [7, 8, 9, 10, 13, 14, 15, 18, 20, 21, 22, 23, 26, 28, 29, 30, 33, 35, 36, 37, 38, 39, 41, 42, 48, 50, 51, 52, 54, 55, 62, 64, 65, 66, 68, 69, 81, 83, 84, 85, 86, 87, 89, 90, 97, 99, 100, 101, 102, 103, 104, 105, 106, 107, 108, 109, 110, 111, 112, 113, 115, 116, 122, 123, 129, 130, 137, 139, 140, 141, 142, 144, 145, 152, 154, 155, 156, 157, 158, 159, 160, 161, 163, 164, 171, 173, 174, 175, 176, 177, 178, 179, 180, 181, 182, 183, 184, 185, 187, 188, 194, 195, 202, 204, 205, 206, 207, 208, 209, 211, 212, 219, 221, 222, 223, 224, 225, 226, 227, 228, 229, 231, 232, 239, 241, 242, 243, 244, 245, 246, 247, 248, 249, 251, 252, 264, 278, 283, 288, 297, 306], "summary": {"covered_lines": 141, "num_statements": 141, "percent_covered": 100.0, "percent_covered_display": "100", "missing_lines": 0, "excluded_lines": 0, "percent_statements_covered": 100.0, "percent_statements_covered_display": "100"}, "missing_lines": [], "excluded_lines": [], "start_line": 1}}, "classes": {"SeverityLevel": {"executed_lines": [], "summary": {"covered_lines": 0, "num_statements": 0, "percent_covered": 100.0, "percent_covered_display": "100", "missing_lines": 0, "excluded_lines": 0, "percent_statements_covered": 100.0, "percent_statements_covered_display": "100"}, "missing_lines": [], "excluded_lines": [], "start_line": 18}, "AlertType": {"executed_lines": [], "summary": {"covered_lines": 0, "num_statements": 0, "percent_covered": 100.0, "percent_covered_display": "100", "missing_lines": 0, "excluded_lines": 0, "percent_statements_covered": 100.0, "percent_statements_covered_display": "100"}, "missing_lines": [], "excluded_lines": [], "start_line": 26}, "NetworkEvent": {"executed_lines": [45], "summary": {"covered_lines": 1, "num_statements": 1, "percent_covered": 100.0, "percent_covered_display": "100", "missing_lines": 0, "excluded_lines": 0, "percent_statements_covered": 100.0, "percent_statements_covered_display": "100"}, "missing_lines": [], "excluded_lines": [], "start_line": 33}, "FileHash": {"executed_lines": [57, 59], "summary": {"covered_lines": 2, "num_statements": 3, "percent_covered": 66.66666666666667, "percent_covered_display": "67", "missing_lines": 1, "excluded_lines": 0, "percent_statements_covered": 66.66666666666667, "percent_statements_covered_display": "67"}, "missing_lines": [58], "excluded_lines": [], "start_line": 48}, "MITREInfo": {"executed_lines": [71, 75, 76, 77, 78], "summary": {"covered_lines": 5, "num_statements": 5, "percent_covered": 100.0, "percent_covered_display": "100", "missing_lines": 0, "excluded_lines": 0, "percent_statements_covered": 100.0, "percent_statements_covered_display": "100"}, "missing_lines": [], "excluded_lines": [], "start_line": 62}, "AffectedFile": {"executed_lines": [92, 93, 94], "summary": {"covered_lines": 3, "num_statements": 3, "percent_covered": 100.0, "percent_covered_display": "100", "missing_lines": 0, "excluded_lines": 0, "percent_statements_covered": 100.0, "percent_statements_covered_display": "100"}, "missing_lines": [], "excluded_lines": [], "start_line": 81}, "RansomwareAlert": {"executed_lines": [118, 120, 125, 127, 132, 134], "summary": {"covered_lines": 6, "num_statements": 9, "percent_covered": 66.66666666666667, "percent_covered_display": "67", "missing_lines": 3, "excluded_lines": 0, "percent_statements_covered": 66.66666666666667, "percent_statements_covered_display": "67"}, "missing_lines": [119, 126, 133], "excluded_lines": [], "start_line": 97}, "WebhookPayload": {"executed_lines": [147, 148, 149], "summary": {"covered_lines": 3, "num_statements": 3, "percent_covered": 100.0, "percent_covered_display": "100", "missing_lines": 0, "excluded_lines": 0, "percent_statements_covered": 100.0, "percent_statements_covered_display": "100"}, "missing_lines": [], "excluded_lines": [], "start_line": 137}, "ContainmentAction": {"executed_lines": [], "summary": {"covered_lines": 0, "num_statements": 3, "percent_covered": 0.0, "percent_covered_display": "0", "missing_lines": 3, "excluded_lines": 0, "percent_statements_covered": 0.0, "percent_statements_covered_display": "0"}, "missing_lines": [166, 167, 168], "excluded_lines": [], "start_line": 152}, "KPIReport": {"executed_lines": [], "summary": {"covered_lines": 0, "num_statements": 6, "percent_covered": 0.0, "percent_covered_display": "0", "missing_lines": 6, "excluded_lines": 0, "percent_statements_covered": 0.0, "percent_statements_covered_display": "0"}, "missing_lines": [190, 191, 192, 197, 198, 199], "excluded_lines": [], "start_line": 171}, "HealthCheck": {"executed_lines": [], "summary": {"covered_lines": 0, "num_statements": 3, "percent_covered": 0.0, "percent_covered_display": "0", "missing_lines": 3, "excluded_lines": 0, "percent_statements_covered": 0.0, "percent_statements_covered_display": "0"}, "missing_lines": [214, 215, 216], "excluded_lines": [], "start_line": 202}, "BackupReport": {"executed_lines": [], "summary": {"covered_lines": 0, "num_statements": 3, "percent_covered": 0.0, "percent_covered_display": "0", "missing_lines": 3, "excluded_lines": 0, "percent_statements_covered": 0.0, "percent_statements_covered_display": "0"}, "missing_lines": [234, 235, 236], "excluded_lines": [], "start_line": 219}, "SecurityScan": {"executed_lines": [], "summary": {"covered_lines": 0, "num_statements": 7, "percent_covered": 0.0, "percent_covered_display": "0", "missing_lines": 7, "excluded_lines": 0, "percent_statements_covered": 0.0, "percent_statements_covered_display": "0"}, "missing_lines": [254, 255, 256, 257, 258, 259, 260], "excluded_lines": [], "start_line": 239}, "": {"executed_lines": [7, 8, 9, 10, 13, 14, 15, 18, 20, 21, 22, 23, 26, 28, 29, 30, 33, 35, 36, 37, 38, 39, 41, 42, 48, 50, 51, 52, 54, 55, 62, 64, 65, 66, 68, 69, 81, 83, 84, 85, 86, 87, 89, 90, 97, 99, 100, 101, 102, 103, 104, 105, 106, 107, 108, 109, 110, 111, 112, 113, 115, 116, 122, 123, 129, 130, 137, 139, 140, 141, 142, 144, 145, 152, 154, 155, 156, 157, 158, 159, 160, 161, 163, 164, 171, 173, 174, 175, 176, 177, 178, 179, 180, 181, 182, 183, 184, 185, 187, 188, 194, 195, 202, 204, 205, 206, 207, 208, 209, 211, 212, 219, 221, 222, 223, 224, 225, 226, 227, 228, 229, 231, 232, 239, 241, 242, 243, 244, 245, 246, 247, 248, 249, 251, 252, 264, 266, 267, 269, 271, 272, 274, 275, 278, 283, 288, 297, 306], "summary": {"covered_lines": 148, "num_statements": 166, "percent_covered": 89.1566265060241, "percent_covered_display": "89", "missing_lines": 18, "excluded_lines": 0, "percent_statements_covered": 89.1566265060241, "percent_statements_covered_display": "89"}, "missing_lines": [268, 280, 285, 290, 291, 292, 293, 294, 299, 300, 301, 302, 303, 308, 309, 313, 314, 315], "excluded_lines": [], "start_line": 1}}}, "src\\soar_lab\\config\\settings.py": {"executed_lines": [7, 8, 9, 10, 13, 15, 18, 19, 21, 23, 101, 103, 105, 109, 113, 135, 148, 153, 165, 170, 173, 175, 177, 182, 186], "summary": {"covered_lines": 25, "num_statements": 49, "percent_covered": 51.02040816326531, "percent_covered_display": "51", "missing_lines": 24, "excluded_lines": 0, "percent_statements_covered": 51.02040816326531, "percent_statements_covered_display": "51"}, "missing_lines": [107, 111, 115, 124, 125, 126, 127, 129, 130, 131, 133, 137, 138, 140, 150, 151, 155, 162, 163, 167, 179, 180, 184, 188], "excluded_lines": [], "functions": {"Settings.__init__": {"executed_lines": [19], "summary": {"covered_lines": 1, "num_statements": 1, "percent_covered": 100.0, "percent_covered_display": "100", "missing_lines": 0, "excluded_lines": 0, "percent_statements_covered": 100.0, "percent_statements_covered_display": "100"}, "missing_lines": [], "excluded_lines": [], "start_line": 18}, "Settings._load_config": {"executed_lines": [23], "summary": {"covered_lines": 1, "num_statements": 1, "percent_covered": 100.0, "percent_covered_display": "100", "missing_lines": 0, "excluded_lines": 0, "percent_statements_covered": 100.0, "percent_statements_covered_display": "100"}, "missing_lines": [], "excluded_lines": [], "start_line": 21}, "Settings.get": {"executed_lines": [103], "summary": {"covered_lines": 1, "num_statements": 1, "percent_covered": 100.0, "percent_covered_display": "100", "missing_lines": 0, "excluded_lines": 0, "percent_statements_covered": 100.0, "percent_statements_covered_display": "100"}, "missing_lines": [], "excluded_lines": [], "start_line": 101}, "Settings.set": {"executed_lines": [], "summary": {"covered_lines": 0, "num_statements": 1, "percent_covered": 0.0, "percent_covered_display": "0", "missing_lines": 1, "excluded_lines": 0, "percent_statements_covered": 0.0, "percent_statements_covered_display": "0"}, "missing_lines": [107], "excluded_lines": [], "start_line": 105}, "Settings.get_all": {"executed_lines": [], "summary": {"covered_lines": 0, "num_statements": 1, "percent_covered": 0.0, "percent_covered_display": "0", "missing_lines": 1, "excluded_lines": 0, "percent_statements_covered": 0.0, "percent_statements_covered_display": "0"}, "missing_lines": [111], "excluded_lines": [], "start_line": 109}, "Settings.validate": {"executed_lines": [], "summary": {"covered_lines": 0, "num_statements": 9, "percent_covered": 0.0, "percent_covered_display": "0", "missing_lines": 9, "excluded_lines": 0, "percent_statements_covered": 0.0, "percent_statements_covered_display": "0"}, "missing_lines": [115, 124, 125, 126, 127, 129, 130, 131, 133], "excluded_lines": [], "start_line": 113}, "Settings.get_service_urls": {"executed_lines": [], "summary": {"covered_lines": 0, "num_statements": 3, "percent_covered": 0.0, "percent_covered_display": "0", "missing_lines": 3, "excluded_lines": 0, "percent_statements_covered": 0.0, "percent_statements_covered_display": "0"}, "missing_lines": [137, 138, 140], "excluded_lines": [], "start_line": 135}, "Settings.get_webhook_url": {"executed_lines": [], "summary": {"covered_lines": 0, "num_statements": 2, "percent_covered": 0.0, "percent_covered_display": "0", "missing_lines": 2, "excluded_lines": 0, "percent_statements_covered": 0.0, "percent_statements_covered_display": "0"}, "missing_lines": [150, 151], "excluded_lines": [], "start_line": 148}, "Settings.ensure_directories": {"executed_lines": [], "summary": {"covered_lines": 0, "num_statements": 3, "percent_covered": 0.0, "percent_covered_display": "0", "missing_lines": 3, "excluded_lines": 0, "percent_statements_covered": 0.0, "percent_statements_covered_display": "0"}, "missing_lines": [155, 162, 163], "excluded_lines": [], "start_line": 153}, "Settings.__str__": {"executed_lines": [], "summary": {"covered_lines": 0, "num_statements": 1, "percent_covered": 0.0, "percent_covered_display": "0", "missing_lines": 1, "excluded_lines": 0, "percent_statements_covered": 0.0, "percent_statements_covered_display": "0"}, "missing_lines": [167], "excluded_lines": [], "start_line": 165}, "get_setting": {"executed_lines": [175], "summary": {"covered_lines": 1, "num_statements": 1, "percent_covered": 100.0, "percent_covered_display": "100", "missing_lines": 0, "excluded_lines": 0, "percent_statements_covered": 100.0, "percent_statements_covered_display": "100"}, "missing_lines": [], "excluded_lines": [], "start_line": 173}, "get_service_url": {"executed_lines": [], "summary": {"covered_lines": 0, "num_statements": 2, "percent_covered": 0.0, "percent_covered_display": "0", "missing_lines": 2, "excluded_lines": 0, "percent_statements_covered": 0.0, "percent_statements_covered_display": "0"}, "missing_lines": [179, 180], "excluded_lines": [], "start_line": 177}, "validate_config": {"executed_lines": [], "summary": {"covered_lines": 0, "num_statements": 1, "percent_covered": 0.0, "percent_covered_display": "0", "missing_lines": 1, "excluded_lines": 0, "percent_statements_covered": 0.0, "percent_statements_covered_display": "0"}, "missing_lines": [184], "excluded_lines": [], "start_line": 182}, "ensure_directories": {"executed_lines": [], "summary": {"covered_lines": 0, "num_statements": 1, "percent_covered": 0.0, "percent_covered_display": "0", "missing_lines": 1, "excluded_lines": 0, "percent_statements_covered": 0.0, "percent_statements_covered_display": "0"}, "missing_lines": [188], "excluded_lines": [], "start_line": 186}, "": {"executed_lines": [7, 8, 9, 10, 13, 15, 18, 21, 101, 105, 109, 113, 135, 148, 153, 165, 170, 173, 177, 182, 186], "summary": {"covered_lines": 21, "num_statements": 21, "percent_covered": 100.0, "percent_covered_display": "100", "missing_lines": 0, "excluded_lines": 0, "percent_statements_covered": 100.0, "percent_statements_covered_display": "100"}, "missing_lines": [], "excluded_lines": [], "start_line": 1}}, "classes": {"Settings": {"executed_lines": [19, 23, 103], "summary": {"covered_lines": 3, "num_statements": 23, "percent_covered": 13.043478260869565, "percent_covered_display": "13", "missing_lines": 20, "excluded_lines": 0, "percent_statements_covered": 13.043478260869565, "percent_statements_covered_display": "13"}, "missing_lines": [107, 111, 115, 124, 125, 126, 127, 129, 130, 131, 133, 137, 138, 140, 150, 151, 155, 162, 163, 167], "excluded_lines": [], "start_line": 15}, "": {"executed_lines": [7, 8, 9, 10, 13, 15, 18, 21, 101, 105, 109, 113, 135, 148, 153, 165, 170, 173, 175, 177, 182, 186], "summary": {"covered_lines": 22, "num_statements": 26, "percent_covered": 84.61538461538461, "percent_covered_display": "85", "missing_lines": 4, "excluded_lines": 0, "percent_statements_covered": 84.61538461538461, "percent_statements_covered_display": "85"}, "missing_lines": [179, 180, 184, 188], "excluded_lines": [], "start_line": 1}}}, "src\\soar_lab\\data\\__init__.py": {"executed_lines": [], "summary": {"covered_lines": 0, "num_statements": 0, "percent_covered": 100.0, "percent_covered_display": "100", "missing_lines": 0, "excluded_lines": 0, "percent_statements_covered": 100.0, "percent_statements_covered_display": "100"}, "missing_lines": [], "excluded_lines": [], "functions": {"": {"executed_lines": [], "summary": {"covered_lines": 0, "num_statements": 0, "percent_covered": 100.0, "percent_covered_display": "100", "missing_lines": 0, "excluded_lines": 0, "percent_statements_covered": 100.0, "percent_statements_covered_display": "100"}, "missing_lines": [], "excluded_lines": [], "start_line": 1}}, "classes": {"": {"executed_lines": [], "summary": {"covered_lines": 0, "num_statements": 0, "percent_covered": 100.0, "percent_covered_display": "100", "missing_lines": 0, "excluded_lines": 0, "percent_statements_covered": 100.0, "percent_statements_covered_display": "100"}, "missing_lines": [], "excluded_lines": [], "start_line": 1}}}, "src\\soar_lab\\data\\calc_kpis.py": {"executed_lines": [7, 8, 9, 10, 11, 12, 13, 14, 15, 16, 20, 21, 23, 31, 34, 35, 37, 39, 40, 43, 44, 46, 47, 48, 49, 51, 52, 53, 56, 57, 59, 60, 62, 63, 64, 65, 66, 67, 69, 71, 73, 75, 76, 77, 78, 79, 80, 82, 83, 84, 85, 86, 87, 88, 89, 90, 92, 94, 95, 97, 98, 99, 100, 101, 102, 104, 106, 108, 109, 111, 112, 113, 115, 120, 121, 123, 124, 125, 126, 127, 134, 135, 137, 139, 141, 152, 154, 155, 158, 159, 162, 171, 172, 173, 176, 178, 189, 190, 196, 198, 200, 202, 203, 204, 205, 207, 216, 218, 219, 220, 223, 224, 226, 227, 228, 229, 247, 284], "summary": {"covered_lines": 118, "num_statements": 162, "percent_covered": 72.8395061728395, "percent_covered_display": "73", "missing_lines": 44, "excluded_lines": 0, "percent_statements_covered": 72.8395061728395, "percent_statements_covered_display": "73"}, "missing_lines": [116, 117, 129, 130, 131, 132, 192, 193, 194, 209, 210, 211, 212, 213, 214, 230, 231, 234, 235, 237, 238, 240, 242, 243, 245, 249, 250, 253, 256, 259, 262, 265, 266, 268, 270, 271, 273, 274, 275, 279, 280, 281, 282, 285], "excluded_lines": [], "functions": {"validate_log_file": {"executed_lines": [39, 40, 43, 44, 46, 47, 48, 49, 51, 52, 53, 56, 57, 59, 60, 62, 63, 64, 65, 66, 67], "summary": {"covered_lines": 21, "num_statements": 21, "percent_covered": 100.0, "percent_covered_display": "100", "missing_lines": 0, "excluded_lines": 0, "percent_statements_covered": 100.0, "percent_statements_covered_display": "100"}, "missing_lines": [], "excluded_lines": [], "start_line": 37}, "parse_log_file": {"executed_lines": [71, 73, 75, 76, 77, 78, 79, 80, 82, 83, 84, 85, 86, 87, 88, 89, 90, 92, 94, 95, 97, 98, 99, 100, 101, 102], "summary": {"covered_lines": 26, "num_statements": 26, "percent_covered": 100.0, "percent_covered_display": "100", "missing_lines": 0, "excluded_lines": 0, "percent_statements_covered": 100.0, "percent_statements_covered_display": "100"}, "missing_lines": [], "excluded_lines": [], "start_line": 69}, "calculate_execution_times": {"executed_lines": [106, 108, 109, 111, 112, 113, 115, 120, 121, 123, 124, 125, 126, 127, 134, 135], "summary": {"covered_lines": 16, "num_statements": 22, "percent_covered": 72.72727272727273, "percent_covered_display": "73", "missing_lines": 6, "excluded_lines": 0, "percent_statements_covered": 72.72727272727273, "percent_statements_covered_display": "73"}, "missing_lines": [116, 117, 129, 130, 131, 132], "excluded_lines": [], "start_line": 104}, "calculate_metrics": {"executed_lines": [139, 141, 152, 154, 155, 158, 159, 162, 171, 172, 173, 176, 178, 189, 190], "summary": {"covered_lines": 15, "num_statements": 18, "percent_covered": 83.33333333333333, "percent_covered_display": "83", "missing_lines": 3, "excluded_lines": 0, "percent_statements_covered": 83.33333333333333, "percent_statements_covered_display": "83"}, "missing_lines": [192, 193, 194], "excluded_lines": [], "start_line": 137}, "save_metrics": {"executed_lines": [198, 200, 202, 203, 204, 205, 207], "summary": {"covered_lines": 7, "num_statements": 13, "percent_covered": 53.84615384615385, "percent_covered_display": "54", "missing_lines": 6, "excluded_lines": 0, "percent_statements_covered": 53.84615384615385, "percent_statements_covered_display": "54"}, "missing_lines": [209, 210, 211, 212, 213, 214], "excluded_lines": [], "start_line": 196}, "print_metrics_summary": {"executed_lines": [218, 219, 220, 223, 224, 226, 227, 228, 229], "summary": {"covered_lines": 9, "num_statements": 19, "percent_covered": 47.36842105263158, "percent_covered_display": "47", "missing_lines": 10, "excluded_lines": 0, "percent_statements_covered": 47.36842105263158, "percent_statements_covered_display": "47"}, "missing_lines": [230, 231, 234, 235, 237, 238, 240, 242, 243, 245], "excluded_lines": [], "start_line": 216}, "main": {"executed_lines": [], "summary": {"covered_lines": 0, "num_statements": 18, "percent_covered": 0.0, "percent_covered_display": "0", "missing_lines": 18, "excluded_lines": 0, "percent_statements_covered": 0.0, "percent_statements_covered_display": "0"}, "missing_lines": [249, 250, 253, 256, 259, 262, 265, 266, 268, 270, 271, 273, 274, 275, 279, 280, 281, 282], "excluded_lines": [], "start_line": 247}, "": {"executed_lines": [7, 8, 9, 10, 11, 12, 13, 14, 15, 16, 20, 21, 23, 31, 34, 35, 37, 69, 104, 137, 196, 216, 247, 284], "summary": {"covered_lines": 24, "num_statements": 25, "percent_covered": 96.0, "percent_covered_display": "96", "missing_lines": 1, "excluded_lines": 0, "percent_statements_covered": 96.0, "percent_statements_covered_display": "96"}, "missing_lines": [285], "excluded_lines": [], "start_line": 1}}, "classes": {"": {"executed_lines": [7, 8, 9, 10, 11, 12, 13, 14, 15, 16, 20, 21, 23, 31, 34, 35, 37, 39, 40, 43, 44, 46, 47, 48, 49, 51, 52, 53, 56, 57, 59, 60, 62, 63, 64, 65, 66, 67, 69, 71, 73, 75, 76, 77, 78, 79, 80, 82, 83, 84, 85, 86, 87, 88, 89, 90, 92, 94, 95, 97, 98, 99, 100, 101, 102, 104, 106, 108, 109, 111, 112, 113, 115, 120, 121, 123, 124, 125, 126, 127, 134, 135, 137, 139, 141, 152, 154, 155, 158, 159, 162, 171, 172, 173, 176, 178, 189, 190, 196, 198, 200, 202, 203, 204, 205, 207, 216, 218, 219, 220, 223, 224, 226, 227, 228, 229, 247, 284], "summary": {"covered_lines": 118, "num_statements": 162, "percent_covered": 72.8395061728395, "percent_covered_display": "73", "missing_lines": 44, "excluded_lines": 0, "percent_statements_covered": 72.8395061728395, "percent_statements_covered_display": "73"}, "missing_lines": [116, 117, 129, 130, 131, 132, 192, 193, 194, 209, 210, 211, 212, 213, 214, 230, 231, 234, 235, 237, 238, 240, 242, 243, 245, 249, 250, 253, 256, 259, 262, 265, 266, 268, 270, 271, 273, 274, 275, 279, 280, 281, 282, 285], "excluded_lines": [], "start_line": 1}}}, "src\\soar_lab\\data\\calc_kpis_fixed.py": {"executed_lines": [6, 7, 8, 9, 10, 11, 12, 13, 14, 15, 19, 20, 22, 30, 33, 34, 36, 38, 39, 42, 43, 45, 46, 47, 48, 50, 51, 52, 54, 56, 57, 58, 60, 62, 64, 65, 66, 70, 80, 81, 82, 83, 84, 86, 87, 89, 90, 91, 92, 93, 94, 106, 108, 114, 116, 118, 120, 121, 123, 124, 125, 126, 127, 129, 131, 132, 134, 140, 142, 143, 152, 153, 162, 175, 177, 178, 180, 181, 182, 184, 185, 187, 192, 194, 195, 196, 197, 198, 199, 200, 203, 204, 206, 207, 209, 211, 212, 214, 219, 221, 222, 225, 226, 227, 230, 233, 236, 239, 242, 243, 245, 250, 251, 252, 256, 260], "summary": {"covered_lines": 116, "num_statements": 136, "percent_covered": 85.29411764705883, "percent_covered_display": "85", "missing_lines": 20, "excluded_lines": 0, "percent_statements_covered": 85.29411764705883, "percent_statements_covered_display": "85"}, "missing_lines": [99, 101, 110, 111, 112, 136, 137, 138, 164, 165, 166, 189, 190, 216, 217, 247, 248, 257, 258, 261], "excluded_lines": [], "functions": {"validate_log_file": {"executed_lines": [38, 39, 42, 43, 45, 46, 47, 48, 50, 51, 52, 54, 56, 57, 58], "summary": {"covered_lines": 15, "num_statements": 15, "percent_covered": 100.0, "percent_covered_display": "100", "missing_lines": 0, "excluded_lines": 0, "percent_statements_covered": 100.0, "percent_statements_covered_display": "100"}, "missing_lines": [], "excluded_lines": [], "start_line": 36}, "parse_log_file": {"executed_lines": [62, 64, 65, 66, 70, 80, 81, 82, 83, 84, 86, 87, 89, 90, 91, 92, 93, 94, 106, 108], "summary": {"covered_lines": 20, "num_statements": 25, "percent_covered": 80.0, "percent_covered_display": "80", "missing_lines": 5, "excluded_lines": 0, "percent_statements_covered": 80.0, "percent_statements_covered_display": "80"}, "missing_lines": [99, 101, 110, 111, 112], "excluded_lines": [], "start_line": 60}, "calculate_execution_times": {"executed_lines": [116, 118, 120, 121, 123, 124, 125, 126, 127, 129, 131, 132, 134], "summary": {"covered_lines": 13, "num_statements": 16, "percent_covered": 81.25, "percent_covered_display": "81", "missing_lines": 3, "excluded_lines": 0, "percent_statements_covered": 81.25, "percent_statements_covered_display": "81"}, "missing_lines": [136, 137, 138], "excluded_lines": [], "start_line": 114}, "calculate_metrics": {"executed_lines": [142, 143, 152, 153, 162], "summary": {"covered_lines": 5, "num_statements": 8, "percent_covered": 62.5, "percent_covered_display": "62", "missing_lines": 3, "excluded_lines": 0, "percent_statements_covered": 62.5, "percent_statements_covered_display": "62"}, "missing_lines": [164, 165, 166], "excluded_lines": [], "start_line": 140}, "save_metrics": {"executed_lines": [177, 178, 180, 181, 182, 184, 185, 187], "summary": {"covered_lines": 8, "num_statements": 10, "percent_covered": 80.0, "percent_covered_display": "80", "missing_lines": 2, "excluded_lines": 0, "percent_statements_covered": 80.0, "percent_statements_covered_display": "80"}, "missing_lines": [189, 190], "excluded_lines": [], "start_line": 175}, "print_metrics_summary": {"executed_lines": [194, 195, 196, 197, 198, 199, 200, 203, 204, 206, 207, 209, 211, 212, 214], "summary": {"covered_lines": 15, "num_statements": 17, "percent_covered": 88.23529411764706, "percent_covered_display": "88", "missing_lines": 2, "excluded_lines": 0, "percent_statements_covered": 88.23529411764706, "percent_statements_covered_display": "88"}, "missing_lines": [216, 217], "excluded_lines": [], "start_line": 192}, "main": {"executed_lines": [221, 222, 225, 226, 227, 230, 233, 236, 239, 242, 243, 245, 250, 251, 252, 256], "summary": {"covered_lines": 16, "num_statements": 20, "percent_covered": 80.0, "percent_covered_display": "80", "missing_lines": 4, "excluded_lines": 0, "percent_statements_covered": 80.0, "percent_statements_covered_display": "80"}, "missing_lines": [247, 248, 257, 258], "excluded_lines": [], "start_line": 219}, "": {"executed_lines": [6, 7, 8, 9, 10, 11, 12, 13, 14, 15, 19, 20, 22, 30, 33, 34, 36, 60, 114, 140, 175, 192, 219, 260], "summary": {"covered_lines": 24, "num_statements": 25, "percent_covered": 96.0, "percent_covered_display": "96", "missing_lines": 1, "excluded_lines": 0, "percent_statements_covered": 96.0, "percent_statements_covered_display": "96"}, "missing_lines": [261], "excluded_lines": [], "start_line": 1}}, "classes": {"": {"executed_lines": [6, 7, 8, 9, 10, 11, 12, 13, 14, 15, 19, 20, 22, 30, 33, 34, 36, 38, 39, 42, 43, 45, 46, 47, 48, 50, 51, 52, 54, 56, 57, 58, 60, 62, 64, 65, 66, 70, 80, 81, 82, 83, 84, 86, 87, 89, 90, 91, 92, 93, 94, 106, 108, 114, 116, 118, 120, 121, 123, 124, 125, 126, 127, 129, 131, 132, 134, 140, 142, 143, 152, 153, 162, 175, 177, 178, 180, 181, 182, 184, 185, 187, 192, 194, 195, 196, 197, 198, 199, 200, 203, 204, 206, 207, 209, 211, 212, 214, 219, 221, 222, 225, 226, 227, 230, 233, 236, 239, 242, 243, 245, 250, 251, 252, 256, 260], "summary": {"covered_lines": 116, "num_statements": 136, "percent_covered": 85.29411764705883, "percent_covered_display": "85", "missing_lines": 20, "excluded_lines": 0, "percent_statements_covered": 85.29411764705883, "percent_statements_covered_display": "85"}, "missing_lines": [99, 101, 110, 111, 112, 136, 137, 138, 164, 165, 166, 189, 190, 216, 217, 247, 248, 257, 258, 261], "excluded_lines": [], "start_line": 1}}}, "src\\soar_lab\\data\\data_manager.py": {"executed_lines": [7, 8, 9, 10, 11, 12, 13, 14, 15, 18, 19, 21, 24, 26, 27, 28, 29, 31, 33, 34, 37, 51, 66, 78, 92, 108, 121, 122, 124, 127, 128, 129, 140, 141, 142, 143, 145, 147, 148, 150, 152, 154, 155, 156, 158, 168, 172, 173, 174, 175, 176, 179, 182, 183, 185, 186, 187, 188, 192, 204, 206, 210, 212, 217, 227, 229, 231, 251, 303, 337, 348, 351, 352, 353, 365, 366, 368, 373, 375, 377, 378, 381, 382, 385, 387, 391, 401, 417, 418, 420, 439], "summary": {"covered_lines": 91, "num_statements": 224, "percent_covered": 40.625, "percent_covered_display": "41", "missing_lines": 133, "excluded_lines": 0, "percent_statements_covered": 40.625, "percent_statements_covered_display": "41"}, "missing_lines": [126, 149, 153, 170, 177, 181, 189, 190, 202, 207, 208, 211, 213, 214, 215, 232, 233, 234, 243, 244, 245, 247, 249, 250, 253, 254, 255, 263, 265, 267, 269, 271, 272, 273, 274, 277, 278, 280, 282, 283, 284, 285, 295, 296, 297, 299, 302, 304, 305, 316, 318, 320, 321, 322, 323, 329, 335, 336, 346, 350, 364, 371, 372, 374, 379, 383, 386, 389, 394, 396, 398, 399, 400, 422, 423, 424, 425, 431, 437, 438, 452, 454, 456, 457, 458, 459, 460, 462, 464, 465, 468, 469, 471, 472, 475, 476, 478, 479, 482, 483, 486, 490, 492, 510, 512, 513, 514, 517, 523, 528, 529, 531, 534, 535, 537, 539, 541, 542, 543, 544, 545, 547, 549, 551, 552, 554, 555, 556, 558, 559, 560, 562, 563], "excluded_lines": [], "functions": {"DataManager.__init__": {"executed_lines": [26, 27, 28, 29], "summary": {"covered_lines": 4, "num_statements": 4, "percent_covered": 100.0, "percent_covered_display": "100", "missing_lines": 0, "excluded_lines": 0, "percent_statements_covered": 100.0, "percent_statements_covered_display": "100"}, "missing_lines": [], "excluded_lines": [], "start_line": 24}, "DataManager._init_database": {"executed_lines": [33, 34, 37, 51, 66, 78, 92, 108, 121, 122], "summary": {"covered_lines": 10, "num_statements": 10, "percent_covered": 100.0, "percent_covered_display": "100", "missing_lines": 0, "excluded_lines": 0, "percent_statements_covered": 100.0, "percent_statements_covered_display": "100"}, "missing_lines": [], "excluded_lines": [], "start_line": 31}, "DataManager.store_alert": {"executed_lines": [127, 128, 129, 140, 141, 142, 143], "summary": {"covered_lines": 7, "num_statements": 8, "percent_covered": 87.5, "percent_covered_displa
[...]
"}, "missing_lines": [], "excluded_lines": [], "start_line": 15}, "generate_benign_hash": {"executed_lines": [40, 41, 45, 46, 49, 50, 51, 52, 53, 56, 57, 58], "summary": {"covered_lines": 12, "num_statements": 12, "percent_covered": 100.0, "percent_covered_display": "100", "missing_lines": 0, "excluded_lines": 0, "percent_statements_covered": 100.0, "percent_statements_covered_display": "100"}, "missing_lines": [], "excluded_lines": [], "start_line": 38}, "generate_ip_addresses": {"executed_lines": [63, 64, 65, 66, 67, 68, 69, 71, 72, 73], "summary": {"covered_lines": 10, "num_statements": 10, "percent_covered": 100.0, "percent_covered_display": "100", "missing_lines": 0, "excluded_lines": 0, "percent_statements_covered": 100.0, "percent_statements_covered_display": "100"}, "missing_lines": [], "excluded_lines": [], "start_line": 61}, "generate_domains": {"executed_lines": [78, 79, 80, 81, 82, 83, 84], "summary": {"covered_lines": 7, "num_statements": 7, "percent_covered": 100.0, "percent_covered_display": "100", "missing_lines": 0, "excluded_lines": 0, "percent_statements_covered": 100.0, "percent_statements_covered_display": "100"}, "missing_lines": [], "excluded_lines": [], "start_line": 76}, "generate_urls": {"executed_lines": [89, 90, 91, 92, 93, 94, 95, 96, 97], "summary": {"covered_lines": 9, "num_statements": 9, "percent_covered": 100.0, "percent_covered_display": "100", "missing_lines": 0, "excluded_lines": 0, "percent_statements_covered": 100.0, "percent_statements_covered_display": "100"}, "missing_lines": [], "excluded_lines": [], "start_line": 87}, "create_ioc_package": {"executed_lines": [102, 117, 118, 120], "summary": {"covered_lines": 4, "num_statements": 4, "percent_covered": 100.0, "percent_covered_display": "100", "missing_lines": 0, "excluded_lines": 0, "percent_statements_covered": 100.0, "percent_statements_covered_display": "100"}, "missing_lines": [], "excluded_lines": [], "start_line": 100}, "main": {"executed_lines": [], "summary": {"covered_lines": 0, "num_statements": 7, "percent_covered": 0.0, "percent_covered_display": "0", "missing_lines": 7, "excluded_lines": 0, "percent_statements_covered": 0.0, "percent_statements_covered_display": "0"}, "missing_lines": [125, 126, 127, 129, 130, 132, 133], "excluded_lines": [], "start_line": 123}, "": {"executed_lines": [7, 8, 9, 10, 11, 12, 15, 38, 61, 76, 87, 100, 123, 136], "summary": {"covered_lines": 14, "num_statements": 15, "percent_covered": 93.33333333333333, "percent_covered_display": "93", "missing_lines": 1, "excluded_lines": 0, "percent_statements_covered": 93.33333333333333, "percent_statements_covered_display": "93"}, "missing_lines": [137], "excluded_lines": [], "start_line": 1}}, "classes": {"": {"executed_lines": [7, 8, 9, 10, 11, 12, 15, 17, 18, 22, 23, 26, 27, 28, 29, 30, 33, 34, 35, 38, 40, 41, 45, 46, 49, 50, 51, 52, 53, 56, 57, 58, 61, 63, 64, 65, 66, 67, 68, 69, 71, 72, 73, 76, 78, 79, 80, 81, 82, 83, 84, 87, 89, 90, 91, 92, 93, 94, 95, 96, 97, 100, 102, 117, 118, 120, 123, 136], "summary": {"covered_lines": 68, "num_statements": 76, "percent_covered": 89.47368421052632, "percent_covered_display": "89", "missing_lines": 8, "excluded_lines": 0, "percent_statements_covered": 89.47368421052632, "percent_statements_covered_display": "89"}, "missing_lines": [125, 126, 127, 129, 130, 132, 133, 137], "excluded_lines": [], "start_line": 1}}}, "src\\soar_lab\\services\\__init__.py": {"executed_lines": [], "summary": {"covered_lines": 0, "num_statements": 0, "percent_covered": 100.0, "percent_covered_display": "100", "missing_lines": 0, "excluded_lines": 0, "percent_statements_covered": 100.0, "percent_statements_covered_display": "100"}, "missing_lines": [], "excluded_lines": [], "functions": {"": {"executed_lines": [], "summary": {"covered_lines": 0, "num_statements": 0, "percent_covered": 100.0, "percent_covered_display": "100", "missing_lines": 0, "excluded_lines": 0, "percent_statements_covered": 100.0, "percent_statements_covered_display": "100"}, "missing_lines": [], "excluded_lines": [], "start_line": 1}}, "classes": {"": {"executed_lines": [], "summary": {"covered_lines": 0, "num_statements": 0, "percent_covered": 100.0, "percent_covered_display": "100", "missing_lines": 0, "excluded_lines": 0, "percent_statements_covered": 100.0, "percent_statements_covered_display": "100"}, "missing_lines": [], "excluded_lines": [], "start_line": 1}}}, "src\\soar_lab\\services\\generate_secrets.py": {"executed_lines": [], "summary": {"covered_lines": 0, "num_statements": 72, "percent_covered": 0.0, "percent_covered_display": "0", "missing_lines": 72, "excluded_lines": 0, "percent_statements_covered": 0.0, "percent_statements_covered_display": "0"}, "missing_lines": [7, 8, 9, 10, 11, 12, 13, 16, 18, 19, 21, 22, 23, 24, 26, 29, 37, 38, 41, 42, 44, 47, 50, 59, 61, 62, 63, 64, 67, 68, 70, 71, 73, 76, 78, 79, 82, 84, 85, 88, 90, 93, 95, 98, 100, 101, 102, 105, 107, 116, 117, 118, 120, 123, 125, 126, 127, 128, 129, 131, 132, 134, 150, 151, 153, 154, 155, 158, 159, 163, 166, 167], "excluded_lines": [], "functions": {"generate_password": {"executed_lines": [], "summary": {"covered_lines": 0, "num_statements": 13, "percent_covered": 0.0, "percent_covered_display": "0", "missing_lines": 13, "excluded_lines": 0, "percent_statements_covered": 0.0, "percent_statements_covered_display": "0"}, "missing_lines": [18, 19, 21, 22, 23, 24, 26, 29, 37, 38, 41, 42, 44], "excluded_lines": [], "start_line": 16}, "generate_api_key": {"executed_lines": [], "summary": {"covered_lines": 0, "num_statements": 11, "percent_covered": 0.0, "percent_covered_display": "0", "missing_lines": 11, "excluded_lines": 0, "percent_statements_covered": 0.0, "percent_statements_covered_display": "0"}, "missing_lines": [50, 59, 61, 62, 63, 64, 67, 68, 70, 71, 73], "excluded_lines": [], "start_line": 47}, "generate_webhook_token": {"executed_lines": [], "summary": {"covered_lines": 0, "num_statements": 2, "percent_covered": 0.0, "percent_covered_display": "0", "missing_lines": 2, "excluded_lines": 0, "percent_statements_covered": 0.0, "percent_statements_covered_display": "0"}, "missing_lines": [78, 79], "excluded_lines": [], "start_line": 76}, "generate_jwt_secret": {"executed_lines": [], "summary": {"covered_lines": 0, "num_statements": 2, "percent_covered": 0.0, "percent_covered_display": "0", "missing_lines": 2, "excluded_lines": 0, "percent_statements_covered": 0.0, "percent_statements_covered_display": "0"}, "missing_lines": [84, 85], "excluded_lines": [], "start_line": 82}, "generate_secret_key": {"executed_lines": [], "summary": {"covered_lines": 0, "num_statements": 1, "percent_covered": 0.0, "percent_covered_display": "0", "missing_lines": 1, "excluded_lines": 0, "percent_statements_covered": 0.0, "percent_statements_covered_display": "0"}, "missing_lines": [90], "excluded_lines": [], "start_line": 88}, "generate_token": {"executed_lines": [], "summary": {"covered_lines": 0, "num_statements": 1, "percent_covered": 0.0, "percent_covered_display": "0", "missing_lines": 1, "excluded_lines": 0, "percent_statements_covered": 0.0, "percent_statements_covered_display": "0"}, "missing_lines": [95], "excluded_lines": [], "start_line": 93}, "validate_secret_format": {"executed_lines": [], "summary": {"covered_lines": 0, "num_statements": 3, "percent_covered": 0.0, "percent_covered_display": "0", "missing_lines": 3, "excluded_lines": 0, "percent_statements_covered": 0.0, "percent_statements_covered_display": "0"}, "missing_lines": [100, 101, 102], "excluded_lines": [], "start_line": 98}, "generate_all_secrets": {"executed_lines": [], "summary": {"covered_lines": 0, "num_statements": 5, "percent_covered": 0.0, "percent_covered_display": "0", "missing_lines": 5, "excluded_lines": 0, "percent_statements_covered": 0.0, "percent_statements_covered_display": "0"}, "missing_lines": [107, 116, 117, 118, 120], "excluded_lines": [], "start_line": 105}, "main": {"executed_lines": [], "summary": {"covered_lines": 0, "num_statements": 16, "percent_covered": 0.0, "percent_covered_display": "0", "missing_lines": 16, "excluded_lines": 0, "percent_statements_covered": 0.0, "percent_statements_covered_display": "0"}, "missing_lines": [125, 126, 127, 128, 129, 131, 132, 134, 150, 151, 153, 154, 155, 158, 159, 163], "excluded_lines": [], "start_line": 123}, "": {"executed_lines": [], "summary": {"covered_lines": 0, "num_statements": 18, "percent_covered": 0.0, "percent_covered_display": "0", "missing_lines": 18, "excluded_lines": 0, "percent_statements_covered": 0.0, "percent_statements_covered_display": "0"}, "missing_lines": [7, 8, 9, 10, 11, 12, 13, 16, 47, 76, 82, 88, 93, 98, 105, 123, 166, 167], "excluded_lines": [], "start_line": 1}}, "classes": {"": {"executed_lines": [], "summary": {"covered_lines": 0, "num_statements": 72, "percent_covered": 0.0, "percent_covered_display": "0", "missing_lines": 72, "excluded_lines": 0, "percent_statements_covered": 0.0, "percent_statements_covered_display": "0"}, "missing_lines": [7, 8, 9, 10, 11, 12, 13, 16, 18, 19, 21, 22, 23, 24, 26, 29, 37, 38, 41, 42, 44, 47, 50, 59, 61, 62, 63, 64, 67, 68, 70, 71, 73, 76, 78, 79, 82, 84, 85, 88, 90, 93, 95, 98, 100, 101, 102, 105, 107, 116, 117, 118, 120, 123, 125, 126, 127, 128, 129, 131, 132, 134, 150, 151, 153, 154, 155, 158, 159, 163, 166, 167], "excluded_lines": [], "start_line": 1}}}, "src\\soar_lab\\services\\send_alert.py": {"executed_lines": [8, 9, 10, 11, 12, 13, 14, 15, 16, 17, 18, 19, 23, 24, 26, 34, 36, 37, 38, 39, 40, 46, 53, 59, 64, 69, 75, 77, 79, 81, 83, 85, 86, 87, 88, 89, 91, 94, 97, 99, 100, 101, 102, 103, 104, 106, 107, 108, 109, 112, 115, 117, 164, 166, 168, 169, 171, 178, 179, 180, 182, 183, 185, 188, 189, 190, 191, 195, 196, 198, 200, 203, 206, 207, 208, 211, 216, 220, 221, 223, 226, 233, 238, 241, 245, 249, 250, 253, 254, 255, 257, 262, 264, 265, 269, 270, 271, 274, 275, 279, 283, 284, 286, 305, 310, 315, 316, 320, 321, 322, 324, 329, 330, 333], "summary": {"covered_lines": 114, "num_statements": 171, "percent_covered": 66.66666666666667, "percent_covered_display": "67", "missing_lines": 57, "excluded_lines": 0, "percent_statements_covered": 66.66666666666667, "percent_statements_covered_display": "67"}, "missing_lines": [95, 187, 193, 201, 202, 212, 213, 215, 218, 222, 224, 228, 229, 232, 234, 235, 236, 240, 244, 246, 248, 251, 252, 259, 260, 266, 278, 281, 300, 301, 303, 307, 309, 311, 313, 317, 319, 325, 326, 328, 336, 338, 340, 342, 345, 348, 349, 351, 353, 354, 355, 356, 358, 359, 361, 362, 363], "excluded_lines": [], "functions": {"SIEMSimulator.__init__": {"executed_lines": [38, 39, 40, 46, 53, 59, 64, 69], "summary": {"covered_lines": 8, "num_statements": 8, "percent_covered": 100.0, "percent_covered_display": "100", "missing_lines": 0, "excluded_lines": 0, "percent_statements_covered": 100.0, "percent_statements_covered_display": "100"}, "missing_lines": [], "excluded_lines": [], "start_line": 37}, "SIEMSimulator.generate_malicious_alert": {"executed_lines": [77], "summary": {"covered_lines": 1, "num_statements": 1, "percent_covered": 100.0, "percent_covered_display": "100", "missing_lines": 0, "excluded_lines": 0, "percent_statements_covered": 100.0, "percent_statements_covered_display": "100"}, "missing_lines": [], "excluded_lines": [], "start_line": 75}, "SIEMSimulator.generate_benign_alert": {"executed_lines": [81], "summary": {"covered_lines": 1, "num_statements": 1, "percent_covered": 100.0, "percent_covered_display": "100", "missing_lines": 0, "excluded_lines": 0, "percent_statements_covered": 100.0, "percent_statements_covered_display": "100"}, "missing_lines": [], "excluded_lines": [], "start_line": 79}, "SIEMSimulator.generate_test_alert": {"executed_lines": [85, 86, 87, 88, 89], "summary": {"covered_lines": 5, "num_statements": 5, "percent_covered": 100.0, "percent_covered_display": "100", "missing_lines": 0, "excluded_lines": 0, "percent_statements_covered": 100.0, "percent_statements_covered_display": "100"}, "missing_lines": [], "excluded_lines": [], "start_line": 83}, "SIEMSimulator.generate_alert": {"executed_lines": [94, 97, 99, 100, 101, 102, 103, 104, 106, 107, 108, 109, 112, 115, 117, 164], "summary": {"covered_lines": 16, "num_statements": 17, "percent_covered": 94.11764705882354, "percent_covered_display": "94", "missing_lines": 1, "excluded_lines": 0, "percent_statements_covered": 94.11764705882354, "percent_statements_covered_display": "94"}, "missing_lines": [95], "excluded_lines": [], "start_line": 91}, "SIEMSimulator.send_alert": {"executed_lines": [168, 169, 171, 178, 179, 180, 182, 183, 185, 188, 189, 190, 191], "summary": {"covered_lines": 13, "num_statements": 14, "percent_covered": 92.85714285714286, "percent_covered_display": "93", "missing_lines": 1, "excluded_lines": 0, "percent_statements_covered": 92.85714285714286, "percent_statements_covered_display": "93"}, "missing_lines": [187], "excluded_lines": [], "start_line": 166}, "SIEMSimulator.validate_alert": {"executed_lines": [195, 196, 198, 200, 203, 206, 207, 208, 211, 216], "summary": {"covered_lines": 10, "num_statements": 15, "percent_covered": 66.66666666666667, "percent_covered_display": "67", "missing_lines": 5, "excluded_lines": 0, "percent_statements_covered": 66.66666666666667, "percent_statements_covered_display": "67"}, "missing_lines": [201, 202, 212, 213, 215], "excluded_lines": [], "start_line": 193}, "SIEMSimulator.validate_ip": {"executed_lines": [220, 221, 223], "summary": {"covered_lines": 3, "num_statements": 5, "percent_covered": 60.0, "percent_covered_display": "60", "missing_lines": 2, "excluded_lines": 0, "percent_statements_covered": 60.0, "percent_statements_covered_display": "60"}, "missing_lines": [222, 224], "excluded_lines": [], "start_line": 218}, "SIEMSimulator.validate_hash": {"executed_lines": [233], "summary": {"covered_lines": 1, "num_statements": 7, "percent_covered": 14.285714285714286, "percent_covered_display": "14", "missing_lines": 6, "excluded_lines": 0, "percent_statements_covered": 14.285714285714286, "percent_statements_covered_display": "14"}, "missing_lines": [228, 229, 232, 234, 235, 236], "excluded_lines": [], "start_line": 226}, "SIEMSimulator.validate_ip_address": {"executed_lines": [241, 245, 249, 250, 253, 254, 255], "summary": {"covered_lines": 7, "num_statements": 13, "percent_covered": 53.84615384615385, "percent_covered_display": "54", "missing_lines": 6, "excluded_lines": 0, "percent_statements_covered": 53.84615384615385, "percent_statements_covered_display": "54"}, "missing_lines": [240, 244, 246, 248, 251, 252], "excluded_lines": [], "start_line": 238}, "SIEMSimulator.validate_alert_structure": {"executed_lines": [262, 264, 265, 269, 270, 271, 274, 275, 279], "summary": {"covered_lines": 9, "num_statements": 14, "percent_covered": 64.28571428571429, "percent_covered_display": "64", "missing_lines": 5, "excluded_lines": 0, "percent_statements_covered": 64.28571428571429, "percent_statements_covered_display": "64"}, "missing_lines": [259, 260, 266, 278, 281], "excluded_lines": [], "start_line": 257}, "SIEMSimulator.mitre_attack_tactics": {"executed_lines": [286], "summary": {"covered_lines": 1, "num_statements": 1, "percent_covered": 100.0, "percent_covered_display": "100", "missing_lines": 0, "excluded_lines": 0, "percent_statements_covered": 100.0, "percent_statements_covered_display": "100"}, "missing_lines": [], "excluded_lines": [], "start_line": 284}, "SIEMSimulator.mitre_attack_tactics_list": {"executed_lines": [], "summary": {"covered_lines": 0, "num_statements": 1, "percent_covered": 0.0, "percent_covered_display": "0", "missing_lines": 1, "excluded_lines": 0, "percent_statements_covered": 0.0, "percent_statements_covered_display": "0"}, "missing_lines": [303], "excluded_lines": [], "start_line": 301}, "SIEMSimulator.run_simulation": {"executed_lines": [310, 315, 316, 320, 321, 322, 324], "summary": {"covered_lines": 7, "num_statements": 15, "percent_covered": 46.666666666666664, "percent_covered_display": "47", "missing_lines": 8, "excluded_lines": 0, "percent_statements_covered": 46.666666666666664, "percent_statements_covered_display": "47"}, "missing_lines": [307, 309, 311, 313, 317, 319, 325, 326], "excluded_lines": [], "start_line": 305}, "main": {"executed_lines": [329, 330, 333], "summary": {"covered_lines": 3, "num_statements": 17, "percent_covered": 17.647058823529413, "percent_covered_display": "18", "missing_lines": 14, "excluded_lines": 0, "percent_statements_covered": 17.647058823529413, "percent_statements_covered_display": "18"}, "missing_lines": [336, 338, 340, 342, 345, 348, 349, 351, 353, 354, 355, 356, 358, 359], "excluded_lines": [], "start_line": 328}, "": {"executed_lines": [8, 9, 10, 11, 12, 13, 14, 15, 16, 17, 18, 19, 23, 24, 26, 34, 36, 37, 75, 79, 83, 91, 166, 226, 238, 257, 283, 284, 305], "summary": {"covered_lines": 29, "num_statements": 37, "percent_covered": 78.37837837837837, "percent_covered_display": "78", "missing_lines": 8, "excluded_lines": 0, "percent_statements_covered": 78.37837837837837, "percent_statements_covered_display": "78"}, "missing_lines": [193, 218, 300, 301, 328, 361, 362, 363], "excluded_lines": [], "start_line": 1}}, "classes": {"SIEMSimulator": {"executed_lines": [38, 39, 40, 46, 53, 59, 64, 69, 77, 81, 85, 86, 87, 88, 89, 94, 97, 99, 100, 101, 102, 103, 104, 106, 107, 108, 109, 112, 115, 117, 164, 168, 169, 171, 178, 179, 180, 182, 183, 185, 188, 189, 190, 191, 195, 196, 198, 200, 203, 206, 207, 208, 211, 216, 220, 221, 223, 233, 241, 245, 249, 250, 253, 254, 255, 262, 264, 265, 269, 270, 271, 274, 275, 279, 286, 310, 315, 316, 320, 321, 322, 324], "summary": {"covered_lines": 82, "num_statements": 117, "percent_covered": 70.08547008547009, "percent_covered_display": "70", "missing_lines": 35, "excluded_lines": 0, "percent_statements_covered": 70.08547008547009, "percent_statements_covered_display": "70"}, "missing_lines": [95, 187, 201, 202, 212, 213, 215, 222, 224, 228, 229, 232, 234, 235, 236, 240, 244, 246, 248, 251, 252, 259, 260, 266, 278, 281, 303, 307, 309, 311, 313, 317, 319, 325, 326], "excluded_lines": [], "start_line": 36}, "": {"executed_lines": [8, 9, 10, 11, 12, 13, 14, 15, 16, 17, 18, 19, 23, 24, 26, 34, 36, 37, 75, 79, 83, 91, 166, 226, 238, 257, 283, 284, 305, 329, 330, 333], "summary": {"covered_lines": 32, "num_statements": 54, "percent_covered": 59.25925925925926, "percent_covered_display": "59", "missing_lines": 22, "excluded_lines": 0, "percent_statements_covered": 59.25925925925926, "percent_statements_covered_display": "59"}, "missing_lines": [193, 218, 300, 301, 328, 336, 338, 340, 342, 345, 348, 349, 351, 353, 354, 355, 356, 358, 359, 361, 362, 363], "excluded_lines": [], "start_line": 1}}}, "src\\soar_lab\\utils\\__init__.py": {"executed_lines": [], "summary": {"covered_lines": 0, "num_statements": 0, "percent_covered": 100.0, "percent_covered_display": "100", "missing_lines": 0, "excluded_lines": 0, "percent_statements_covered": 100.0, "percent_statements_covered_display": "100"}, "missing_lines": [], "excluded_lines": [], "functions": {"": {"executed_lines": [], "summary": {"covered_lines": 0, "num_statements": 0, "percent_covered": 100.0, "percent_covered_display": "100", "missing_lines": 0, "excluded_lines": 0, "percent_statements_covered": 100.0, "percent_statements_covered_display": "100"}, "missing_lines": [], "excluded_lines": [], "start_line": 1}}, "classes": {"": {"executed_lines": [], "summary": {"covered_lines": 0, "num_statements": 0, "percent_covered": 100.0, "percent_covered_display": "100", "missing_lines": 0, "excluded_lines": 0, "percent_statements_covered": 100.0, "percent_statements_covered_display": "100"}, "missing_lines": [], "excluded_lines": [], "start_line": 1}}}}, "totals": {"covered_lines": 873, "num_statements": 1977, "percent_covered": 44.15781487101669, "percent_covered_display": "44", "missing_lines": 1104, "excluded_lines": 0, "percent_statements_covered": 44.15781487101669, "percent_statements_covered_display": "44"}}